<?xml version="1.0" encoding="UTF-8"?>
<coverage generated="1727792434297" clover="3.2.0">
  <project timestamp="1727792434297" name="All files">
    <metrics statements="326" coveredstatements="180" conditionals="78" coveredconditionals="30" methods="94" coveredmethods="49" elements="498" coveredelements="259" complexity="0" loc="326" ncloc="326" packages="5" files="21" classes="21"/>
    <package name="Pages.admin">
      <metrics statements="21" coveredstatements="6" conditionals="0" coveredconditionals="0" methods="14" coveredmethods="1"/>
      <file name="admin.jsx" path="/Users/valentinbercker/Downloads/BERCKER_JO_STUDI-main-5/BERCKER_STUDI_DECEMBRE_25/front/src/Pages/admin/admin.jsx">
        <metrics statements="21" coveredstatements="6" conditionals="0" coveredconditionals="0" methods="14" coveredmethods="1"/>
        <line num="6" count="9" type="stmt"/>
        <line num="19" count="9" type="stmt"/>
        <line num="20" count="8" type="stmt"/>
        <line num="21" count="8" type="stmt"/>
        <line num="24" count="0" type="stmt"/>
        <line num="25" count="0" type="stmt"/>
        <line num="27" count="0" type="stmt"/>
        <line num="29" count="0" type="stmt"/>
        <line num="32" count="8" type="stmt"/>
        <line num="33" count="0" type="stmt"/>
        <line num="37" count="0" type="stmt"/>
        <line num="41" count="0" type="stmt"/>
        <line num="45" count="0" type="stmt"/>
        <line num="46" count="0" type="stmt"/>
        <line num="52" count="0" type="stmt"/>
        <line num="55" count="0" type="stmt"/>
        <line num="57" count="0" type="stmt"/>
        <line num="59" count="0" type="stmt"/>
        <line num="62" count="8" type="stmt"/>
        <line num="95" count="0" type="stmt"/>
        <line num="120" count="0" type="stmt"/>
      </file>
    </package>
    <package name="Pages.front">
      <metrics statements="1" coveredstatements="1" conditionals="0" coveredconditionals="0" methods="1" coveredmethods="1"/>
      <file name="sum.js" path="/Users/valentinbercker/Downloads/BERCKER_JO_STUDI-main-5/BERCKER_STUDI_DECEMBRE_25/front/src/Pages/front/sum.js">
        <metrics statements="1" coveredstatements="1" conditionals="0" coveredconditionals="0" methods="1" coveredmethods="1"/>
        <line num="2" count="1" type="stmt"/>
      </file>
    </package>
    <package name="composants">
      <metrics statements="193" coveredstatements="109" conditionals="58" coveredconditionals="20" methods="42" coveredmethods="29"/>
      <file name="FormCO.jsx" path="/Users/valentinbercker/Downloads/BERCKER_JO_STUDI-main-5/BERCKER_STUDI_DECEMBRE_25/front/src/composants/FormCO.jsx">
        <metrics statements="116" coveredstatements="57" conditionals="46" coveredconditionals="13" methods="10" coveredmethods="9"/>
        <line num="19" count="2" type="stmt"/>
        <line num="28" count="1" type="stmt"/>
        <line num="29" count="1" type="stmt"/>
        <line num="30" count="1" type="stmt"/>
        <line num="31" count="1" type="stmt"/>
        <line num="32" count="1" type="stmt"/>
        <line num="33" count="1" type="stmt"/>
        <line num="35" count="1" type="stmt"/>
        <line num="36" count="1" type="stmt"/>
        <line num="39" count="1" type="stmt"/>
        <line num="42" count="1" type="stmt"/>
        <line num="45" count="1" type="stmt"/>
        <line num="49" count="1" type="stmt"/>
        <line num="50" count="1" type="stmt"/>
        <line num="51" count="1" type="stmt"/>
        <line num="52" count="1" type="stmt"/>
        <line num="54" count="1" type="cond" truecount="1" falsecount="1"/>
        <line num="55" count="1" type="stmt"/>
        <line num="57" count="0" type="stmt"/>
        <line num="59" count="1" type="cond" truecount="1" falsecount="1"/>
        <line num="60" count="1" type="stmt"/>
        <line num="62" count="0" type="stmt"/>
        <line num="65" count="1" type="cond" truecount="1" falsecount="1"/>
        <line num="66" count="1" type="stmt"/>
        <line num="68" count="0" type="stmt"/>
        <line num="70" count="1" type="cond" truecount="1" falsecount="1"/>
        <line num="71" count="1" type="stmt"/>
        <line num="73" count="0" type="stmt"/>
        <line num="76" count="1" type="stmt"/>
        <line num="79" count="1" type="stmt"/>
        <line num="80" count="0" type="stmt"/>
        <line num="82" count="0" type="stmt"/>
        <line num="85" count="0" type="stmt"/>
        <line num="88" count="0" type="stmt"/>
        <line num="91" count="0" type="stmt"/>
        <line num="95" count="0" type="stmt"/>
        <line num="96" count="0" type="stmt"/>
        <line num="97" count="0" type="stmt"/>
        <line num="98" count="0" type="stmt"/>
        <line num="100" count="0" type="cond" truecount="0" falsecount="2"/>
        <line num="101" count="0" type="stmt"/>
        <line num="102" count="0" type="cond" truecount="0" falsecount="2"/>
        <line num="103" count="0" type="stmt"/>
        <line num="104" count="0" type="cond" truecount="0" falsecount="2"/>
        <line num="105" count="0" type="stmt"/>
        <line num="106" count="0" type="cond" truecount="0" falsecount="2"/>
        <line num="107" count="0" type="stmt"/>
        <line num="108" count="0" type="cond" truecount="0" falsecount="2"/>
        <line num="109" count="0" type="stmt"/>
        <line num="110" count="0" type="cond" truecount="0" falsecount="2"/>
        <line num="111" count="0" type="stmt"/>
        <line num="113" count="0" type="stmt"/>
        <line num="114" count="0" type="stmt"/>
        <line num="116" count="0" type="stmt"/>
        <line num="117" count="0" type="stmt"/>
        <line num="119" count="0" type="cond" truecount="0" falsecount="2"/>
        <line num="120" count="0" type="stmt"/>
        <line num="122" count="0" type="stmt"/>
        <line num="126" count="1" type="stmt"/>
        <line num="128" count="1" type="stmt"/>
        <line num="202" count="9" type="stmt"/>
        <line num="206" count="8" type="stmt"/>
        <line num="207" count="8" type="stmt"/>
        <line num="209" count="8" type="stmt"/>
        <line num="210" count="4" type="stmt"/>
        <line num="212" count="8" type="stmt"/>
        <line num="213" count="8" type="stmt"/>
        <line num="214" count="8" type="stmt"/>
        <line num="215" count="8" type="cond" truecount="2" falsecount="0"/>
        <line num="216" count="8" type="cond" truecount="2" falsecount="0"/>
        <line num="218" count="8" type="stmt"/>
        <line num="219" count="2" type="stmt"/>
        <line num="221" count="2" type="stmt"/>
        <line num="222" count="2" type="stmt"/>
        <line num="236" count="2" type="stmt"/>
        <line num="240" count="2" type="stmt"/>
        <line num="241" count="2" type="stmt"/>
        <line num="242" count="2" type="stmt"/>
        <line num="244" count="2" type="cond" truecount="1" falsecount="1"/>
        <line num="245" count="0" type="cond" truecount="0" falsecount="2"/>
        <line num="246" count="0" type="stmt"/>
        <line num="247" count="0" type="stmt"/>
        <line num="248" count="0" type="stmt"/>
        <line num="249" count="0" type="stmt"/>
        <line num="250" count="0" type="stmt"/>
        <line num="251" count="0" type="cond" truecount="0" falsecount="2"/>
        <line num="252" count="0" type="stmt"/>
        <line num="253" count="0" type="stmt"/>
        <line num="254" count="0" type="stmt"/>
        <line num="255" count="0" type="stmt"/>
        <line num="256" count="0" type="stmt"/>
        <line num="259" count="2" type="stmt"/>
        <line num="262" count="0" type="stmt"/>
        <line num="268" count="2" type="stmt"/>
        <line num="269" count="2" type="stmt"/>
        <line num="271" count="2" type="cond" truecount="3" falsecount="1"/>
        <line num="272" count="2" type="stmt"/>
        <line num="273" count="2" type="stmt"/>
        <line num="276" count="0" type="stmt"/>
        <line num="286" count="0" type="stmt"/>
        <line num="287" count="0" type="stmt"/>
        <line num="291" count="0" type="stmt"/>
        <line num="292" count="0" type="stmt"/>
        <line num="294" count="0" type="cond" truecount="0" falsecount="2"/>
        <line num="295" count="0" type="stmt"/>
        <line num="296" count="0" type="stmt"/>
        <line num="297" count="0" type="cond" truecount="0" falsecount="2"/>
        <line num="298" count="0" type="stmt"/>
        <line num="299" count="0" type="cond" truecount="0" falsecount="2"/>
        <line num="300" count="0" type="stmt"/>
        <line num="303" count="0" type="stmt"/>
        <line num="306" count="0" type="stmt"/>
        <line num="310" count="8" type="stmt"/>
        <line num="311" count="2" type="cond" truecount="1" falsecount="1"/>
        <line num="312" count="2" type="stmt"/>
        <line num="317" count="8" type="stmt"/>
      </file>
      <file name="ModalAchatBillet.jsx" path="/Users/valentinbercker/Downloads/BERCKER_JO_STUDI-main-5/BERCKER_STUDI_DECEMBRE_25/front/src/composants/ModalAchatBillet.jsx">
        <metrics statements="13" coveredstatements="5" conditionals="2" coveredconditionals="1" methods="7" coveredmethods="2"/>
        <line num="6" count="1" type="stmt"/>
        <line num="7" count="1" type="stmt"/>
        <line num="10" count="0" type="stmt"/>
        <line num="11" count="0" type="stmt"/>
        <line num="12" count="0" type="stmt"/>
        <line num="15" count="1" type="stmt"/>
        <line num="16" count="1" type="cond" truecount="1" falsecount="1"/>
        <line num="17" count="0" type="stmt"/>
        <line num="18" count="0" type="stmt"/>
        <line num="21" count="0" type="stmt"/>
        <line num="25" count="1" type="stmt"/>
        <line num="27" count="0" type="stmt"/>
        <line num="37" count="0" type="stmt"/>
      </file>
      <file name="boite_dialogue_qrCode.jsx" path="/Users/valentinbercker/Downloads/BERCKER_JO_STUDI-main-5/BERCKER_STUDI_DECEMBRE_25/front/src/composants/boite_dialogue_qrCode.jsx">
        <metrics statements="8" coveredstatements="7" conditionals="0" coveredconditionals="0" methods="4" coveredmethods="3"/>
        <line num="6" count="2" type="stmt"/>
        <line num="7" count="2" type="stmt"/>
        <line num="8" count="2" type="stmt"/>
        <line num="11" count="1" type="stmt"/>
        <line num="12" count="1" type="stmt"/>
        <line num="15" count="2" type="stmt"/>
        <line num="17" count="1" type="stmt"/>
        <line num="18" count="0" type="stmt"/>
      </file>
      <file name="bouton.jsx" path="/Users/valentinbercker/Downloads/BERCKER_JO_STUDI-main-5/BERCKER_STUDI_DECEMBRE_25/front/src/composants/bouton.jsx">
        <metrics statements="1" coveredstatements="1" conditionals="0" coveredconditionals="0" methods="1" coveredmethods="1"/>
        <line num="4" count="31" type="stmt"/>
      </file>
      <file name="card.jsx" path="/Users/valentinbercker/Downloads/BERCKER_JO_STUDI-main-5/BERCKER_STUDI_DECEMBRE_25/front/src/composants/card.jsx">
        <metrics statements="13" coveredstatements="7" conditionals="0" coveredconditionals="0" methods="9" coveredmethods="5"/>
        <line num="11" count="1" type="stmt"/>
        <line num="60" count="5" type="stmt"/>
        <line num="73" count="1" type="stmt"/>
        <line num="88" count="1" type="stmt"/>
        <line num="106" count="0" type="stmt"/>
        <line num="118" count="0" type="stmt"/>
        <line num="149" count="1" type="stmt"/>
        <line num="160" count="1" type="stmt"/>
        <line num="161" count="0" type="stmt"/>
        <line num="162" count="0" type="stmt"/>
        <line num="165" count="0" type="stmt"/>
        <line num="166" count="0" type="stmt"/>
        <line num="172" count="1" type="stmt"/>
      </file>
      <file name="float.jsx" path="/Users/valentinbercker/Downloads/BERCKER_JO_STUDI-main-5/BERCKER_STUDI_DECEMBRE_25/front/src/composants/float.jsx">
        <metrics statements="1" coveredstatements="1" conditionals="0" coveredconditionals="0" methods="1" coveredmethods="1"/>
        <line num="6" count="1" type="stmt"/>
      </file>
      <file name="offerCard.jsx" path="/Users/valentinbercker/Downloads/BERCKER_JO_STUDI-main-5/BERCKER_STUDI_DECEMBRE_25/front/src/composants/offerCard.jsx">
        <metrics statements="1" coveredstatements="1" conditionals="0" coveredconditionals="0" methods="1" coveredmethods="1"/>
        <line num="4" count="1" type="stmt"/>
      </file>
      <file name="offregrid.jsx" path="/Users/valentinbercker/Downloads/BERCKER_JO_STUDI-main-5/BERCKER_STUDI_DECEMBRE_25/front/src/composants/offregrid.jsx">
        <metrics statements="37" coveredstatements="27" conditionals="10" coveredconditionals="6" methods="6" coveredmethods="4"/>
        <line num="4" count="1" type="stmt"/>
        <line num="5" count="2" type="stmt"/>
        <line num="6" count="2" type="stmt"/>
        <line num="7" count="2" type="stmt"/>
        <line num="9" count="2" type="stmt"/>
        <line num="18" count="2" type="stmt"/>
        <line num="19" count="1" type="stmt"/>
        <line num="20" count="1" type="stmt"/>
        <line num="21" count="1" type="cond" truecount="1" falsecount="1"/>
        <line num="22" count="1" type="stmt"/>
        <line num="24" count="0" type="stmt"/>
        <line num="25" count="0" type="stmt"/>
        <line num="26" count="0" type="stmt"/>
        <line num="28" count="1" type="stmt"/>
        <line num="29" count="1" type="stmt"/>
        <line num="33" count="2" type="stmt"/>
        <line num="34" count="1" type="stmt"/>
        <line num="35" count="1" type="stmt"/>
        <line num="36" count="1" type="cond" truecount="1" falsecount="1"/>
        <line num="37" count="1" type="stmt"/>
        <line num="39" count="0" type="stmt"/>
        <line num="40" count="0" type="stmt"/>
        <line num="41" count="0" type="stmt"/>
        <line num="43" count="1" type="stmt"/>
        <line num="44" count="1" type="stmt"/>
        <line num="50" count="2" type="stmt"/>
        <line num="51" count="1" type="stmt"/>
        <line num="52" count="1" type="stmt"/>
        <line num="55" count="2" type="cond" truecount="2" falsecount="0"/>
        <line num="56" count="1" type="stmt"/>
        <line num="59" count="1" type="cond" truecount="1" falsecount="1"/>
        <line num="60" count="0" type="stmt"/>
        <line num="63" count="1" type="cond" truecount="1" falsecount="1"/>
        <line num="64" count="0" type="stmt"/>
        <line num="67" count="1" type="stmt"/>
        <line num="73" count="0" type="stmt"/>
        <line num="82" count="0" type="stmt"/>
      </file>
      <file name="table.jsx" path="/Users/valentinbercker/Downloads/BERCKER_JO_STUDI-main-5/BERCKER_STUDI_DECEMBRE_25/front/src/composants/table.jsx">
        <metrics statements="1" coveredstatements="1" conditionals="0" coveredconditionals="0" methods="1" coveredmethods="1"/>
        <line num="5" count="1" type="stmt"/>
      </file>
      <file name="textbtn.jsx" path="/Users/valentinbercker/Downloads/BERCKER_JO_STUDI-main-5/BERCKER_STUDI_DECEMBRE_25/front/src/composants/textbtn.jsx">
        <metrics statements="2" coveredstatements="2" conditionals="0" coveredconditionals="0" methods="2" coveredmethods="2"/>
        <line num="6" count="1" type="stmt"/>
        <line num="17" count="1" type="stmt"/>
      </file>
    </package>
    <package name="composants.securite_cookies_token_auth_localstorage">
      <metrics statements="96" coveredstatements="56" conditionals="16" coveredconditionals="7" methods="28" coveredmethods="13"/>
      <file name="auth.jsx" path="/Users/valentinbercker/Downloads/BERCKER_JO_STUDI-main-5/BERCKER_STUDI_DECEMBRE_25/front/src/composants/securite_cookies_token_auth_localstorage/auth.jsx">
        <metrics statements="13" coveredstatements="13" conditionals="0" coveredconditionals="0" methods="4" coveredmethods="4"/>
        <line num="5" count="3" type="stmt"/>
        <line num="7" count="3" type="stmt"/>
        <line num="8" count="5" type="stmt"/>
        <line num="9" count="5" type="stmt"/>
        <line num="11" count="5" type="stmt"/>
        <line num="12" count="2" type="stmt"/>
        <line num="13" count="2" type="stmt"/>
        <line num="16" count="5" type="stmt"/>
        <line num="17" count="1" type="stmt"/>
        <line num="18" count="1" type="stmt"/>
        <line num="21" count="5" type="stmt"/>
        <line num="28" count="3" type="stmt"/>
        <line num="29" count="12" type="stmt"/>
      </file>
      <file name="cookies.js" path="/Users/valentinbercker/Downloads/BERCKER_JO_STUDI-main-5/BERCKER_STUDI_DECEMBRE_25/front/src/composants/securite_cookies_token_auth_localstorage/cookies.js">
        <metrics statements="9" coveredstatements="8" conditionals="2" coveredconditionals="1" methods="3" coveredmethods="3"/>
        <line num="7" count="2" type="stmt"/>
        <line num="8" count="2" type="stmt"/>
        <line num="9" count="2" type="stmt"/>
        <line num="11" count="2" type="cond" truecount="1" falsecount="1"/>
        <line num="12" count="0" type="stmt"/>
        <line num="14" count="2" type="stmt"/>
        <line num="24" count="1" type="stmt"/>
        <line num="25" count="1" type="stmt"/>
        <line num="26" count="1" type="stmt"/>
      </file>
      <file name="gestionpanier.jsx" path="/Users/valentinbercker/Downloads/BERCKER_JO_STUDI-main-5/BERCKER_STUDI_DECEMBRE_25/front/src/composants/securite_cookies_token_auth_localstorage/gestionpanier.jsx">
        <metrics statements="37" coveredstatements="17" conditionals="10" coveredconditionals="6" methods="12" coveredmethods="6"/>
        <line num="4" count="1" type="stmt"/>
        <line num="7" count="2" type="stmt"/>
        <line num="8" count="2" type="cond" truecount="2" falsecount="0"/>
        <line num="9" count="1" type="stmt"/>
        <line num="11" count="1" type="stmt"/>
        <line num="15" count="4" type="stmt"/>
        <line num="19" count="7" type="stmt"/>
        <line num="20" count="7" type="cond" truecount="2" falsecount="0"/>
        <line num="21" count="3" type="stmt"/>
        <line num="23" count="4" type="stmt"/>
        <line num="27" count="3" type="stmt"/>
        <line num="28" count="3" type="stmt"/>
        <line num="30" count="3" type="cond" truecount="2" falsecount="0"/>
        <line num="31" count="1" type="stmt"/>
        <line num="33" count="2" type="stmt"/>
        <line num="34" count="2" type="stmt"/>
        <line num="37" count="3" type="stmt"/>
        <line num="44" count="0" type="stmt"/>
        <line num="45" count="0" type="stmt"/>
        <line num="46" count="0" type="stmt"/>
        <line num="53" count="0" type="stmt"/>
        <line num="54" count="0" type="stmt"/>
        <line num="56" count="0" type="cond" truecount="0" falsecount="2"/>
        <line num="57" count="0" type="stmt"/>
        <line num="58" count="0" type="cond" truecount="0" falsecount="2"/>
        <line num="59" count="0" type="stmt"/>
        <line num="62" count="0" type="stmt"/>
        <line num="70" count="0" type="stmt"/>
        <line num="71" count="0" type="stmt"/>
        <line num="73" count="0" type="stmt"/>
        <line num="74" count="0" type="stmt"/>
        <line num="76" count="0" type="stmt"/>
        <line num="81" count="0" type="stmt"/>
        <line num="82" count="0" type="stmt"/>
        <line num="84" count="0" type="stmt"/>
        <line num="85" count="0" type="stmt"/>
        <line num="87" count="0" type="stmt"/>
      </file>
      <file name="requireAuth.jsx" path="/Users/valentinbercker/Downloads/BERCKER_JO_STUDI-main-5/BERCKER_STUDI_DECEMBRE_25/front/src/composants/securite_cookies_token_auth_localstorage/requireAuth.jsx">
        <metrics statements="13" coveredstatements="2" conditionals="4" coveredconditionals="0" methods="2" coveredmethods="0"/>
        <line num="5" count="1" type="stmt"/>
        <line num="6" count="0" type="stmt"/>
        <line num="7" count="0" type="stmt"/>
        <line num="8" count="0" type="cond" truecount="0" falsecount="2"/>
        <line num="9" count="0" type="stmt"/>
        <line num="10" count="0" type="stmt"/>
        <line num="11" count="0" type="stmt"/>
        <line num="18" count="1" type="stmt"/>
        <line num="19" count="0" type="stmt"/>
        <line num="20" count="0" type="stmt"/>
        <line num="22" count="0" type="cond" truecount="0" falsecount="2"/>
        <line num="23" count="0" type="stmt"/>
        <line num="26" count="0" type="stmt"/>
      </file>
      <file name="servicetoken.jsx" path="/Users/valentinbercker/Downloads/BERCKER_JO_STUDI-main-5/BERCKER_STUDI_DECEMBRE_25/front/src/composants/securite_cookies_token_auth_localstorage/servicetoken.jsx">
        <metrics statements="16" coveredstatements="8" conditionals="0" coveredconditionals="0" methods="7" coveredmethods="0"/>
        <line num="9" count="1" type="stmt"/>
        <line num="10" count="0" type="stmt"/>
        <line num="17" count="1" type="stmt"/>
        <line num="18" count="0" type="stmt"/>
        <line num="21" count="1" type="stmt"/>
        <line num="22" count="0" type="stmt"/>
        <line num="28" count="1" type="stmt"/>
        <line num="29" count="0" type="stmt"/>
        <line num="36" count="1" type="stmt"/>
        <line num="37" count="0" type="stmt"/>
        <line num="38" count="0" type="stmt"/>
        <line num="45" count="1" type="stmt"/>
        <line num="46" count="0" type="stmt"/>
        <line num="53" count="1" type="stmt"/>
        <line num="54" count="0" type="stmt"/>
        <line num="58" count="1" type="stmt"/>
      </file>
      <file name="validationForm.jsx" path="/Users/valentinbercker/Downloads/BERCKER_JO_STUDI-main-5/BERCKER_STUDI_DECEMBRE_25/front/src/composants/securite_cookies_token_auth_localstorage/validationForm.jsx">
        <metrics statements="8" coveredstatements="8" conditionals="0" coveredconditionals="0" methods="0" coveredmethods="0"/>
        <line num="5" count="1" type="stmt"/>
        <line num="11" count="1" type="stmt"/>
        <line num="16" count="1" type="stmt"/>
        <line num="22" count="1" type="stmt"/>
        <line num="30" count="1" type="stmt"/>
        <line num="36" count="1" type="stmt"/>
        <line num="42" count="1" type="stmt"/>
        <line num="48" count="1" type="stmt"/>
      </file>
    </package>
    <package name="composants.template">
      <metrics statements="15" coveredstatements="8" conditionals="4" coveredconditionals="3" methods="9" coveredmethods="5"/>
      <file name="footer.jsx" path="/Users/valentinbercker/Downloads/BERCKER_JO_STUDI-main-5/BERCKER_STUDI_DECEMBRE_25/front/src/composants/template/footer.jsx">
        <metrics statements="1" coveredstatements="1" conditionals="0" coveredconditionals="0" methods="1" coveredmethods="1"/>
        <line num="5" count="10" type="stmt"/>
      </file>
      <file name="headerNavbar.jsx" path="/Users/valentinbercker/Downloads/BERCKER_JO_STUDI-main-5/BERCKER_STUDI_DECEMBRE_25/front/src/composants/template/headerNavbar.jsx">
        <metrics statements="11" coveredstatements="6" conditionals="4" coveredconditionals="3" methods="5" coveredmethods="3"/>
        <line num="14" count="1" type="stmt"/>
        <line num="15" count="1" type="stmt"/>
        <line num="16" count="1" type="stmt"/>
        <line num="17" count="0" type="stmt"/>
        <line num="18" count="0" type="stmt"/>
        <line num="19" count="0" type="stmt"/>
        <line num="20" count="0" type="stmt"/>
        <line num="28" count="1" type="stmt"/>
        <line num="108" count="0" type="stmt"/>
        <line num="156" count="1" type="stmt"/>
        <line num="174" count="1" type="stmt"/>
      </file>
      <file name="sidebar.jsx" path="/Users/valentinbercker/Downloads/BERCKER_JO_STUDI-main-5/BERCKER_STUDI_DECEMBRE_25/front/src/composants/template/sidebar.jsx">
        <metrics statements="3" coveredstatements="1" conditionals="0" coveredconditionals="0" methods="3" coveredmethods="1"/>
        <line num="9" count="0" type="stmt"/>
        <line num="14" count="0" type="stmt"/>
        <line num="16" count="10" type="stmt"/>
      </file>
    </package>
  </project>
</coverage>
