{"/Users/valentinbercker/Downloads/BERCKER_JO_STUDI-main-5/BERCKER_STUDI_DECEMBRE_25/front/src/Pages/admin/admin.jsx": {"path":"/Users/valentinbercker/Downloads/BERCKER_JO_STUDI-main-5/BERCKER_STUDI_DECEMBRE_25/front/src/Pages/admin/admin.jsx","statementMap":{"0":{"start":{"line":6,"column":25},"end":{"line":17,"column":3}},"1":{"start":{"line":19,"column":28},"end":{"line":19,"column":40}},"2":{"start":{"line":20,"column":40},"end":{"line":20,"column":52}},"3":{"start":{"line":21,"column":30},"end":{"line":21,"column":42}},"4":{"start":{"line":24,"column":4},"end":{"line":29,"column":40}},"5":{"start":{"line":25,"column":26},"end":{"line":25,"column":41}},"6":{"start":{"line":27,"column":8},"end":{"line":27,"column":25}},"7":{"start":{"line":29,"column":22},"end":{"line":29,"column":38}},"8":{"start":{"line":32,"column":2},"end":{"line":34,"column":9}},"9":{"start":{"line":33,"column":4},"end":{"line":33,"column":15}},"10":{"start":{"line":37,"column":4},"end":{"line":37,"column":35}},"11":{"start":{"line":41,"column":4},"end":{"line":41,"column":35}},"12":{"start":{"line":45,"column":4},"end":{"line":45,"column":23}},"13":{"start":{"line":46,"column":4},"end":{"line":59,"column":40}},"14":{"start":{"line":52,"column":8},"end":{"line":52,"column":44}},"15":{"start":{"line":55,"column":21},"end":{"line":55,"column":27}},"16":{"start":{"line":57,"column":8},"end":{"line":57,"column":24}},"17":{"start":{"line":59,"column":22},"end":{"line":59,"column":38}},"18":{"start":{"line":62,"column":2},"end":{"line":138,"column":4}},"19":{"start":{"line":95,"column":20},"end":{"line":99,"column":22}},"20":{"start":{"line":120,"column":18},"end":{"line":130,"column":20}}},"fnMap":{"0":{"name":"Admin","decl":{"start":{"line":5,"column":24},"end":{"line":5,"column":29}},"loc":{"start":{"line":5,"column":32},"end":{"line":139,"column":1}},"line":5},"1":{"name":"sportall","decl":{"start":{"line":23,"column":11},"end":{"line":23,"column":19}},"loc":{"start":{"line":23,"column":22},"end":{"line":30,"column":3}},"line":23},"2":{"name":"(anonymous_2)","decl":{"start":{"line":25,"column":12},"end":{"line":25,"column":13}},"loc":{"start":{"line":25,"column":26},"end":{"line":25,"column":41}},"line":25},"3":{"name":"(anonymous_3)","decl":{"start":{"line":26,"column":12},"end":{"line":26,"column":13}},"loc":{"start":{"line":26,"column":24},"end":{"line":28,"column":7}},"line":26},"4":{"name":"(anonymous_4)","decl":{"start":{"line":29,"column":13},"end":{"line":29,"column":14}},"loc":{"start":{"line":29,"column":22},"end":{"line":29,"column":38}},"line":29},"5":{"name":"(anonymous_5)","decl":{"start":{"line":32,"column":12},"end":{"line":32,"column":13}},"loc":{"start":{"line":32,"column":18},"end":{"line":34,"column":3}},"line":32},"6":{"name":"handleSport","decl":{"start":{"line":36,"column":11},"end":{"line":36,"column":22}},"loc":{"start":{"line":36,"column":26},"end":{"line":38,"column":3}},"line":36},"7":{"name":"handleSport","decl":{"start":{"line":40,"column":11},"end":{"line":40,"column":22}},"loc":{"start":{"line":40,"column":26},"end":{"line":42,"column":3}},"line":40},"8":{"name":"handleClick","decl":{"start":{"line":44,"column":17},"end":{"line":44,"column":28}},"loc":{"start":{"line":44,"column":32},"end":{"line":60,"column":3}},"line":44},"9":{"name":"(anonymous_9)","decl":{"start":{"line":51,"column":12},"end":{"line":51,"column":13}},"loc":{"start":{"line":51,"column":26},"end":{"line":53,"column":7}},"line":51},"10":{"name":"(anonymous_10)","decl":{"start":{"line":54,"column":12},"end":{"line":54,"column":13}},"loc":{"start":{"line":54,"column":24},"end":{"line":58,"column":7}},"line":54},"11":{"name":"(anonymous_11)","decl":{"start":{"line":59,"column":13},"end":{"line":59,"column":14}},"loc":{"start":{"line":59,"column":22},"end":{"line":59,"column":38}},"line":59},"12":{"name":"(anonymous_12)","decl":{"start":{"line":94,"column":29},"end":{"line":94,"column":30}},"loc":{"start":{"line":94,"column":40},"end":{"line":100,"column":19}},"line":94},"13":{"name":"(anonymous_13)","decl":{"start":{"line":119,"column":28},"end":{"line":119,"column":29}},"loc":{"start":{"line":119,"column":39},"end":{"line":131,"column":17}},"line":119}},"branchMap":{},"s":{"0":9,"1":9,"2":8,"3":8,"4":0,"5":0,"6":0,"7":0,"8":8,"9":0,"10":0,"11":0,"12":0,"13":0,"14":0,"15":0,"16":0,"17":0,"18":8,"19":0,"20":0},"f":{"0":9,"1":0,"2":0,"3":0,"4":0,"5":0,"6":0,"7":0,"8":0,"9":0,"10":0,"11":0,"12":0,"13":0},"b":{},"_coverageSchema":"1a1c01bbd47fc00a2c39e90264f33305004495a9","hash":"640f5e0488a8e3664af69717c3e904cffadb88b3"}
,"/Users/valentinbercker/Downloads/BERCKER_JO_STUDI-main-5/BERCKER_STUDI_DECEMBRE_25/front/src/Pages/front/sum.js": {"path":"/Users/valentinbercker/Downloads/BERCKER_JO_STUDI-main-5/BERCKER_STUDI_DECEMBRE_25/front/src/Pages/front/sum.js","statementMap":{"0":{"start":{"line":2,"column":4},"end":{"line":2,"column":17}}},"fnMap":{"0":{"name":"sum","decl":{"start":{"line":1,"column":24},"end":{"line":1,"column":27}},"loc":{"start":{"line":1,"column":34},"end":{"line":3,"column":3}},"line":1}},"branchMap":{},"s":{"0":1},"f":{"0":1},"b":{},"_coverageSchema":"1a1c01bbd47fc00a2c39e90264f33305004495a9","hash":"88aace1f8fd48960866c6a7c9482bfde4c33b32b"}
,"/Users/valentinbercker/Downloads/BERCKER_JO_STUDI-main-5/BERCKER_STUDI_DECEMBRE_25/front/src/composants/FormCO.jsx": {"path":"/Users/valentinbercker/Downloads/BERCKER_JO_STUDI-main-5/BERCKER_STUDI_DECEMBRE_25/front/src/composants/FormCO.jsx","statementMap":{"0":{"start":{"line":19,"column":30},"end":{"line":26,"column":4}},"1":{"start":{"line":28,"column":24},"end":{"line":28,"column":36}},"2":{"start":{"line":29,"column":30},"end":{"line":29,"column":42}},"3":{"start":{"line":30,"column":27},"end":{"line":30,"column":39}},"4":{"start":{"line":31,"column":24},"end":{"line":31,"column":36}},"5":{"start":{"line":32,"column":38},"end":{"line":32,"column":50}},"6":{"start":{"line":33,"column":30},"end":{"line":33,"column":42}},"7":{"start":{"line":35,"column":23},"end":{"line":77,"column":3}},"8":{"start":{"line":36,"column":22},"end":{"line":38,"column":5}},"9":{"start":{"line":39,"column":19},"end":{"line":41,"column":5}},"10":{"start":{"line":42,"column":20},"end":{"line":44,"column":5}},"11":{"start":{"line":45,"column":19},"end":{"line":47,"column":5}},"12":{"start":{"line":49,"column":21},"end":{"line":49,"column":52}},"13":{"start":{"line":50,"column":24},"end":{"line":50,"column":61}},"14":{"start":{"line":51,"column":21},"end":{"line":51,"column":52}},"15":{"start":{"line":52,"column":22},"end":{"line":52,"column":55}},"16":{"start":{"line":54,"column":4},"end":{"line":58,"column":5}},"17":{"start":{"line":55,"column":6},"end":{"line":55,"column":38}},"18":{"start":{"line":57,"column":6},"end":{"line":57,"column":17}},"19":{"start":{"line":59,"column":4},"end":{"line":63,"column":5}},"20":{"start":{"line":60,"column":6},"end":{"line":60,"column":41}},"21":{"start":{"line":62,"column":6},"end":{"line":62,"column":20}},"22":{"start":{"line":65,"column":4},"end":{"line":69,"column":5}},"23":{"start":{"line":66,"column":6},"end":{"line":66,"column":44}},"24":{"start":{"line":68,"column":6},"end":{"line":68,"column":19}},"25":{"start":{"line":70,"column":4},"end":{"line":74,"column":5}},"26":{"start":{"line":71,"column":6},"end":{"line":71,"column":44}},"27":{"start":{"line":73,"column":6},"end":{"line":73,"column":17}},"28":{"start":{"line":76,"column":4},"end":{"line":76,"column":72}},"29":{"start":{"line":76,"column":25},"end":{"line":76,"column":69}},"30":{"start":{"line":79,"column":22},"end":{"line":125,"column":3}},"31":{"start":{"line":80,"column":4},"end":{"line":80,"column":23}},"32":{"start":{"line":82,"column":22},"end":{"line":84,"column":5}},"33":{"start":{"line":85,"column":19},"end":{"line":87,"column":5}},"34":{"start":{"line":88,"column":20},"end":{"line":90,"column":5}},"35":{"start":{"line":91,"column":19},"end":{"line":93,"column":5}},"36":{"start":{"line":95,"column":21},"end":{"line":95,"column":52}},"37":{"start":{"line":96,"column":24},"end":{"line":96,"column":61}},"38":{"start":{"line":97,"column":21},"end":{"line":97,"column":52}},"39":{"start":{"line":98,"column":22},"end":{"line":98,"column":55}},"40":{"start":{"line":100,"column":4},"end":{"line":124,"column":5}},"41":{"start":{"line":101,"column":6},"end":{"line":101,"column":39}},"42":{"start":{"line":102,"column":11},"end":{"line":124,"column":5}},"43":{"start":{"line":103,"column":6},"end":{"line":103,"column":33}},"44":{"start":{"line":104,"column":11},"end":{"line":124,"column":5}},"45":{"start":{"line":105,"column":6},"end":{"line":105,"column":39}},"46":{"start":{"line":106,"column":11},"end":{"line":124,"column":5}},"47":{"start":{"line":107,"column":6},"end":{"line":107,"column":37}},"48":{"start":{"line":108,"column":11},"end":{"line":124,"column":5}},"49":{"start":{"line":109,"column":6},"end":{"line":109,"column":48}},"50":{"start":{"line":110,"column":11},"end":{"line":124,"column":5}},"51":{"start":{"line":111,"column":6},"end":{"line":111,"column":64}},"52":{"start":{"line":113,"column":6},"end":{"line":123,"column":7}},"53":{"start":{"line":114,"column":8},"end":{"line":114,"column":68}},"54":{"start":{"line":116,"column":8},"end":{"line":116,"column":31}},"55":{"start":{"line":117,"column":8},"end":{"line":117,"column":22}},"56":{"start":{"line":119,"column":8},"end":{"line":121,"column":9}},"57":{"start":{"line":120,"column":10},"end":{"line":120,"column":68}},"58":{"start":{"line":122,"column":8},"end":{"line":122,"column":25}},"59":{"start":{"line":126,"column":19},"end":{"line":126,"column":32}},"60":{"start":{"line":128,"column":2},"end":{"line":198,"column":4}},"61":{"start":{"line":202,"column":28},"end":{"line":205,"column":4}},"62":{"start":{"line":206,"column":30},"end":{"line":206,"column":42}},"63":{"start":{"line":207,"column":50},"end":{"line":207,"column":65}},"64":{"start":{"line":209,"column":23},"end":{"line":211,"column":3}},"65":{"start":{"line":210,"column":4},"end":{"line":210,"column":71}},"66":{"start":{"line":210,"column":24},"end":{"line":210,"column":68}},"67":{"start":{"line":212,"column":19},"end":{"line":212,"column":32}},"68":{"start":{"line":213,"column":19},"end":{"line":213,"column":32}},"69":{"start":{"line":214,"column":15},"end":{"line":214,"column":24}},"70":{"start":{"line":215,"column":23},"end":{"line":215,"column":56}},"71":{"start":{"line":216,"column":28},"end":{"line":216,"column":60}},"72":{"start":{"line":218,"column":22},"end":{"line":264,"column":3}},"73":{"start":{"line":219,"column":4},"end":{"line":219,"column":23}},"74":{"start":{"line":221,"column":4},"end":{"line":263,"column":5}},"75":{"start":{"line":222,"column":29},"end":{"line":234,"column":7}},"76":{"start":{"line":236,"column":21},"end":{"line":239,"column":7}},"77":{"start":{"line":240,"column":23},"end":{"line":240,"column":42}},"78":{"start":{"line":241,"column":6},"end":{"line":241,"column":26}},"79":{"start":{"line":242,"column":6},"end":{"line":242,"column":36}},"80":{"start":{"line":244,"column":6},"end":{"line":260,"column":7}},"81":{"start":{"line":245,"column":8},"end":{"line":257,"column":9}},"82":{"start":{"line":246,"column":10},"end":{"line":246,"column":58}},"83":{"start":{"line":247,"column":10},"end":{"line":247,"column":42}},"84":{"start":{"line":248,"column":10},"end":{"line":248,"column":50}},"85":{"start":{"line":249,"column":10},"end":{"line":249,"column":49}},"86":{"start":{"line":250,"column":10},"end":{"line":250,"column":52}},"87":{"start":{"line":251,"column":15},"end":{"line":257,"column":9}},"88":{"start":{"line":252,"column":10},"end":{"line":252,"column":63}},"89":{"start":{"line":253,"column":10},"end":{"line":253,"column":45}},"90":{"start":{"line":254,"column":10},"end":{"line":254,"column":49}},"91":{"start":{"line":255,"column":10},"end":{"line":255,"column":50}},"92":{"start":{"line":256,"column":10},"end":{"line":256,"column":57}},"93":{"start":{"line":259,"column":8},"end":{"line":259,"column":28}},"94":{"start":{"line":262,"column":6},"end":{"line":262,"column":25}},"95":{"start":{"line":268,"column":18},"end":{"line":268,"column":47}},"96":{"start":{"line":269,"column":23},"end":{"line":269,"column":52}},"97":{"start":{"line":271,"column":4},"end":{"line":274,"column":5}},"98":{"start":{"line":272,"column":6},"end":{"line":272,"column":41}},"99":{"start":{"line":273,"column":6},"end":{"line":273,"column":13}},"100":{"start":{"line":276,"column":27},"end":{"line":284,"column":5}},"101":{"start":{"line":286,"column":4},"end":{"line":307,"column":5}},"102":{"start":{"line":287,"column":21},"end":{"line":290,"column":7}},"103":{"start":{"line":291,"column":23},"end":{"line":291,"column":42}},"104":{"start":{"line":292,"column":6},"end":{"line":292,"column":28}},"105":{"start":{"line":294,"column":6},"end":{"line":304,"column":7}},"106":{"start":{"line":295,"column":8},"end":{"line":295,"column":26}},"107":{"start":{"line":296,"column":8},"end":{"line":296,"column":34}},"108":{"start":{"line":297,"column":8},"end":{"line":301,"column":9}},"109":{"start":{"line":298,"column":10},"end":{"line":298,"column":52}},"110":{"start":{"line":299,"column":15},"end":{"line":301,"column":9}},"111":{"start":{"line":300,"column":10},"end":{"line":300,"column":57}},"112":{"start":{"line":303,"column":8},"end":{"line":303,"column":46}},"113":{"start":{"line":306,"column":6},"end":{"line":306,"column":59}},"114":{"start":{"line":310,"column":2},"end":{"line":314,"column":25}},"115":{"start":{"line":311,"column":4},"end":{"line":313,"column":5}},"116":{"start":{"line":312,"column":6},"end":{"line":312,"column":15}},"117":{"start":{"line":317,"column":2},"end":{"line":340,"column":4}}},"fnMap":{"0":{"name":"FormRE","decl":{"start":{"line":18,"column":9},"end":{"line":18,"column":15}},"loc":{"start":{"line":18,"column":18},"end":{"line":199,"column":1}},"line":18},"1":{"name":"(anonymous_1)","decl":{"start":{"line":35,"column":23},"end":{"line":35,"column":24}},"loc":{"start":{"line":35,"column":36},"end":{"line":77,"column":3}},"line":35},"2":{"name":"(anonymous_2)","decl":{"start":{"line":76,"column":14},"end":{"line":76,"column":15}},"loc":{"start":{"line":76,"column":25},"end":{"line":76,"column":69}},"line":76},"3":{"name":"(anonymous_3)","decl":{"start":{"line":79,"column":22},"end":{"line":79,"column":23}},"loc":{"start":{"line":79,"column":35},"end":{"line":125,"column":3}},"line":79},"4":{"name":"LogIN","decl":{"start":{"line":201,"column":9},"end":{"line":201,"column":14}},"loc":{"start":{"line":201,"column":17},"end":{"line":341,"column":1}},"line":201},"5":{"name":"(anonymous_5)","decl":{"start":{"line":209,"column":23},"end":{"line":209,"column":24}},"loc":{"start":{"line":209,"column":30},"end":{"line":211,"column":3}},"line":209},"6":{"name":"(anonymous_6)","decl":{"start":{"line":210,"column":13},"end":{"line":210,"column":14}},"loc":{"start":{"line":210,"column":24},"end":{"line":210,"column":68}},"line":210},"7":{"name":"(anonymous_7)","decl":{"start":{"line":218,"column":22},"end":{"line":218,"column":23}},"loc":{"start":{"line":218,"column":35},"end":{"line":264,"column":3}},"line":218},"8":{"name":"token1","decl":{"start":{"line":267,"column":17},"end":{"line":267,"column":23}},"loc":{"start":{"line":267,"column":26},"end":{"line":308,"column":3}},"line":267},"9":{"name":"(anonymous_9)","decl":{"start":{"line":310,"column":12},"end":{"line":310,"column":13}},"loc":{"start":{"line":310,"column":18},"end":{"line":314,"column":3}},"line":310}},"branchMap":{"0":{"loc":{"start":{"line":54,"column":4},"end":{"line":58,"column":5}},"type":"if","locations":[{"start":{"line":54,"column":4},"end":{"line":58,"column":5}},{"start":{"line":56,"column":11},"end":{"line":58,"column":5}}],"line":54},"1":{"loc":{"start":{"line":59,"column":4},"end":{"line":63,"column":5}},"type":"if","locations":[{"start":{"line":59,"column":4},"end":{"line":63,"column":5}},{"start":{"line":61,"column":11},"end":{"line":63,"column":5}}],"line":59},"2":{"loc":{"start":{"line":65,"column":4},"end":{"line":69,"column":5}},"type":"if","locations":[{"start":{"line":65,"column":4},"end":{"line":69,"column":5}},{"start":{"line":67,"column":11},"end":{"line":69,"column":5}}],"line":65},"3":{"loc":{"start":{"line":70,"column":4},"end":{"line":74,"column":5}},"type":"if","locations":[{"start":{"line":70,"column":4},"end":{"line":74,"column":5}},{"start":{"line":72,"column":11},"end":{"line":74,"column":5}}],"line":70},"4":{"loc":{"start":{"line":100,"column":4},"end":{"line":124,"column":5}},"type":"if","locations":[{"start":{"line":100,"column":4},"end":{"line":124,"column":5}},{"start":{"line":102,"column":11},"end":{"line":124,"column":5}}],"line":100},"5":{"loc":{"start":{"line":102,"column":11},"end":{"line":124,"column":5}},"type":"if","locations":[{"start":{"line":102,"column":11},"end":{"line":124,"column":5}},{"start":{"line":104,"column":11},"end":{"line":124,"column":5}}],"line":102},"6":{"loc":{"start":{"line":104,"column":11},"end":{"line":124,"column":5}},"type":"if","locations":[{"start":{"line":104,"column":11},"end":{"line":124,"column":5}},{"start":{"line":106,"column":11},"end":{"line":124,"column":5}}],"line":104},"7":{"loc":{"start":{"line":106,"column":11},"end":{"line":124,"column":5}},"type":"if","locations":[{"start":{"line":106,"column":11},"end":{"line":124,"column":5}},{"start":{"line":108,"column":11},"end":{"line":124,"column":5}}],"line":106},"8":{"loc":{"start":{"line":108,"column":11},"end":{"line":124,"column":5}},"type":"if","locations":[{"start":{"line":108,"column":11},"end":{"line":124,"column":5}},{"start":{"line":110,"column":11},"end":{"line":124,"column":5}}],"line":108},"9":{"loc":{"start":{"line":110,"column":11},"end":{"line":124,"column":5}},"type":"if","locations":[{"start":{"line":110,"column":11},"end":{"line":124,"column":5}},{"start":{"line":112,"column":9},"end":{"line":124,"column":5}}],"line":110},"10":{"loc":{"start":{"line":119,"column":8},"end":{"line":121,"column":9}},"type":"if","locations":[{"start":{"line":119,"column":8},"end":{"line":121,"column":9}},{"start":{},"end":{}}],"line":119},"11":{"loc":{"start":{"line":215,"column":23},"end":{"line":215,"column":56}},"type":"binary-expr","locations":[{"start":{"line":215,"column":23},"end":{"line":215,"column":43}},{"start":{"line":215,"column":47},"end":{"line":215,"column":56}}],"line":215},"12":{"loc":{"start":{"line":216,"column":28},"end":{"line":216,"column":60}},"type":"binary-expr","locations":[{"start":{"line":216,"column":28},"end":{"line":216,"column":48}},{"start":{"line":216,"column":52},"end":{"line":216,"column":60}}],"line":216},"13":{"loc":{"start":{"line":244,"column":6},"end":{"line":260,"column":7}},"type":"if","locations":[{"start":{"line":244,"column":6},"end":{"line":260,"column":7}},{"start":{"line":258,"column":13},"end":{"line":260,"column":7}}],"line":244},"14":{"loc":{"start":{"line":245,"column":8},"end":{"line":257,"column":9}},"type":"if","locations":[{"start":{"line":245,"column":8},"end":{"line":257,"column":9}},{"start":{"line":251,"column":15},"end":{"line":257,"column":9}}],"line":245},"15":{"loc":{"start":{"line":251,"column":15},"end":{"line":257,"column":9}},"type":"if","locations":[{"start":{"line":251,"column":15},"end":{"line":257,"column":9}},{"start":{},"end":{}}],"line":251},"16":{"loc":{"start":{"line":271,"column":4},"end":{"line":274,"column":5}},"type":"if","locations":[{"start":{"line":271,"column":4},"end":{"line":274,"column":5}},{"start":{},"end":{}}],"line":271},"17":{"loc":{"start":{"line":271,"column":8},"end":{"line":271,"column":29}},"type":"binary-expr","locations":[{"start":{"line":271,"column":8},"end":{"line":271,"column":14}},{"start":{"line":271,"column":18},"end":{"line":271,"column":29}}],"line":271},"18":{"loc":{"start":{"line":281,"column":42},"end":{"line":281,"column":61}},"type":"binary-expr","locations":[{"start":{"line":281,"column":42},"end":{"line":281,"column":47}},{"start":{"line":281,"column":51},"end":{"line":281,"column":61}}],"line":281},"19":{"loc":{"start":{"line":294,"column":6},"end":{"line":304,"column":7}},"type":"if","locations":[{"start":{"line":294,"column":6},"end":{"line":304,"column":7}},{"start":{"line":302,"column":13},"end":{"line":304,"column":7}}],"line":294},"20":{"loc":{"start":{"line":297,"column":8},"end":{"line":301,"column":9}},"type":"if","locations":[{"start":{"line":297,"column":8},"end":{"line":301,"column":9}},{"start":{"line":299,"column":15},"end":{"line":301,"column":9}}],"line":297},"21":{"loc":{"start":{"line":299,"column":15},"end":{"line":301,"column":9}},"type":"if","locations":[{"start":{"line":299,"column":15},"end":{"line":301,"column":9}},{"start":{},"end":{}}],"line":299},"22":{"loc":{"start":{"line":311,"column":4},"end":{"line":313,"column":5}},"type":"if","locations":[{"start":{"line":311,"column":4},"end":{"line":313,"column":5}},{"start":{},"end":{}}],"line":311}},"s":{"0":2,"1":1,"2":1,"3":1,"4":1,"5":1,"6":1,"7":1,"8":1,"9":1,"10":1,"11":1,"12":1,"13":1,"14":1,"15":1,"16":1,"17":1,"18":0,"19":1,"20":1,"21":0,"22":1,"23":1,"24":0,"25":1,"26":1,"27":0,"28":1,"29":1,"30":1,"31":0,"32":0,"33":0,"34":0,"35":0,"36":0,"37":0,"38":0,"39":0,"40":0,"41":0,"42":0,"43":0,"44":0,"45":0,"46":0,"47":0,"48":0,"49":0,"50":0,"51":0,"52":0,"53":0,"54":0,"55":0,"56":0,"57":0,"58":0,"59":1,"60":1,"61":9,"62":8,"63":8,"64":8,"65":4,"66":4,"67":8,"68":8,"69":8,"70":8,"71":8,"72":8,"73":2,"74":2,"75":2,"76":2,"77":2,"78":2,"79":2,"80":2,"81":0,"82":0,"83":0,"84":0,"85":0,"86":0,"87":0,"88":0,"89":0,"90":0,"91":0,"92":0,"93":2,"94":0,"95":2,"96":2,"97":2,"98":2,"99":2,"100":0,"101":0,"102":0,"103":0,"104":0,"105":0,"106":0,"107":0,"108":0,"109":0,"110":0,"111":0,"112":0,"113":0,"114":8,"115":2,"116":2,"117":8},"f":{"0":2,"1":1,"2":1,"3":0,"4":9,"5":4,"6":4,"7":2,"8":2,"9":2},"b":{"0":[1,0],"1":[1,0],"2":[1,0],"3":[1,0],"4":[0,0],"5":[0,0],"6":[0,0],"7":[0,0],"8":[0,0],"9":[0,0],"10":[0,0],"11":[8,8],"12":[8,8],"13":[0,2],"14":[0,0],"15":[0,0],"16":[2,0],"17":[2,2],"18":[0,0],"19":[0,0],"20":[0,0],"21":[0,0],"22":[2,0]},"_coverageSchema":"1a1c01bbd47fc00a2c39e90264f33305004495a9","hash":"74c482977dcce821d6473f3cb38a9f991a96995d"}
,"/Users/valentinbercker/Downloads/BERCKER_JO_STUDI-main-5/BERCKER_STUDI_DECEMBRE_25/front/src/composants/ModalAchatBillet.jsx": {"path":"/Users/valentinbercker/Downloads/BERCKER_JO_STUDI-main-5/BERCKER_STUDI_DECEMBRE_25/front/src/composants/ModalAchatBillet.jsx","statementMap":{"0":{"start":{"line":6,"column":38},"end":{"line":6,"column":52}},"1":{"start":{"line":7,"column":26},"end":{"line":7,"column":41}},"2":{"start":{"line":10,"column":4},"end":{"line":10,"column":27}},"3":{"start":{"line":11,"column":4},"end":{"line":11,"column":30}},"4":{"start":{"line":12,"column":4},"end":{"line":12,"column":18}},"5":{"start":{"line":15,"column":2},"end":{"line":23,"column":13}},"6":{"start":{"line":16,"column":4},"end":{"line":22,"column":5}},"7":{"start":{"line":17,"column":20},"end":{"line":19,"column":14}},"8":{"start":{"line":18,"column":8},"end":{"line":18,"column":23}},"9":{"start":{"line":21,"column":6},"end":{"line":21,"column":39}},"10":{"start":{"line":21,"column":19},"end":{"line":21,"column":38}},"11":{"start":{"line":25,"column":2},"end":{"line":44,"column":4}},"12":{"start":{"line":27,"column":36},"end":{"line":27,"column":64}},"13":{"start":{"line":37,"column":63},"end":{"line":37,"column":77}}},"fnMap":{"0":{"name":"ModalAchatBillet","decl":{"start":{"line":5,"column":9},"end":{"line":5,"column":25}},"loc":{"start":{"line":5,"column":33},"end":{"line":45,"column":1}},"line":5},"1":{"name":"handleShow","decl":{"start":{"line":9,"column":11},"end":{"line":9,"column":21}},"loc":{"start":{"line":9,"column":41},"end":{"line":13,"column":3}},"line":9},"2":{"name":"(anonymous_2)","decl":{"start":{"line":15,"column":12},"end":{"line":15,"column":13}},"loc":{"start":{"line":15,"column":18},"end":{"line":23,"column":3}},"line":15},"3":{"name":"(anonymous_3)","decl":{"start":{"line":17,"column":31},"end":{"line":17,"column":32}},"loc":{"start":{"line":17,"column":37},"end":{"line":19,"column":7}},"line":17},"4":{"name":"(anonymous_4)","decl":{"start":{"line":21,"column":13},"end":{"line":21,"column":14}},"loc":{"start":{"line":21,"column":19},"end":{"line":21,"column":38}},"line":21},"5":{"name":"(anonymous_5)","decl":{"start":{"line":27,"column":25},"end":{"line":27,"column":26}},"loc":{"start":{"line":27,"column":36},"end":{"line":27,"column":64}},"line":27},"6":{"name":"(anonymous_6)","decl":{"start":{"line":37,"column":57},"end":{"line":37,"column":58}},"loc":{"start":{"line":37,"column":63},"end":{"line":37,"column":77}},"line":37}},"branchMap":{"0":{"loc":{"start":{"line":16,"column":4},"end":{"line":22,"column":5}},"type":"if","locations":[{"start":{"line":16,"column":4},"end":{"line":22,"column":5}},{"start":{},"end":{}}],"line":16}},"s":{"0":1,"1":1,"2":0,"3":0,"4":0,"5":1,"6":1,"7":0,"8":0,"9":0,"10":0,"11":1,"12":0,"13":0},"f":{"0":1,"1":0,"2":1,"3":0,"4":0,"5":0,"6":0},"b":{"0":[0,1]},"_coverageSchema":"1a1c01bbd47fc00a2c39e90264f33305004495a9","hash":"65cbe34700139597b05e07418278662264f12ecc"}
,"/Users/valentinbercker/Downloads/BERCKER_JO_STUDI-main-5/BERCKER_STUDI_DECEMBRE_25/front/src/composants/boite_dialogue_qrCode.jsx": {"path":"/Users/valentinbercker/Downloads/BERCKER_JO_STUDI-main-5/BERCKER_STUDI_DECEMBRE_25/front/src/composants/boite_dialogue_qrCode.jsx","statementMap":{"0":{"start":{"line":6,"column":17},"end":{"line":6,"column":29}},"1":{"start":{"line":7,"column":38},"end":{"line":7,"column":52}},"2":{"start":{"line":8,"column":26},"end":{"line":8,"column":41}},"3":{"start":{"line":11,"column":4},"end":{"line":11,"column":30}},"4":{"start":{"line":12,"column":4},"end":{"line":12,"column":18}},"5":{"start":{"line":15,"column":2},"end":{"line":25,"column":4}},"6":{"start":{"line":17,"column":44},"end":{"line":17,"column":65}},"7":{"start":{"line":18,"column":63},"end":{"line":18,"column":77}}},"fnMap":{"0":{"name":"BoiteDialogue","decl":{"start":{"line":5,"column":9},"end":{"line":5,"column":22}},"loc":{"start":{"line":5,"column":30},"end":{"line":26,"column":1}},"line":5},"1":{"name":"handleShow","decl":{"start":{"line":10,"column":11},"end":{"line":10,"column":21}},"loc":{"start":{"line":10,"column":34},"end":{"line":13,"column":3}},"line":10},"2":{"name":"(anonymous_2)","decl":{"start":{"line":17,"column":37},"end":{"line":17,"column":38}},"loc":{"start":{"line":17,"column":43},"end":{"line":17,"column":66}},"line":17},"3":{"name":"(anonymous_3)","decl":{"start":{"line":18,"column":57},"end":{"line":18,"column":58}},"loc":{"start":{"line":18,"column":63},"end":{"line":18,"column":77}},"line":18}},"branchMap":{},"s":{"0":2,"1":2,"2":2,"3":1,"4":1,"5":2,"6":1,"7":0},"f":{"0":2,"1":1,"2":1,"3":0},"b":{},"_coverageSchema":"1a1c01bbd47fc00a2c39e90264f33305004495a9","hash":"9337772eb77930d1699d377d772c546399c3314a"}
,"/Users/valentinbercker/Downloads/BERCKER_JO_STUDI-main-5/BERCKER_STUDI_DECEMBRE_25/front/src/composants/bouton.jsx": {"path":"/Users/valentinbercker/Downloads/BERCKER_JO_STUDI-main-5/BERCKER_STUDI_DECEMBRE_25/front/src/composants/bouton.jsx","statementMap":{"0":{"start":{"line":4,"column":4},"end":{"line":9,"column":5}}},"fnMap":{"0":{"name":"Boutton","decl":{"start":{"line":3,"column":9},"end":{"line":3,"column":16}},"loc":{"start":{"line":3,"column":23},"end":{"line":10,"column":1}},"line":3}},"branchMap":{},"s":{"0":31},"f":{"0":31},"b":{},"_coverageSchema":"1a1c01bbd47fc00a2c39e90264f33305004495a9","hash":"f6319d9ad49f9eb1fc20b49e40f366b9c4c468d7"}
,"/Users/valentinbercker/Downloads/BERCKER_JO_STUDI-main-5/BERCKER_STUDI_DECEMBRE_25/front/src/composants/card.jsx": {"path":"/Users/valentinbercker/Downloads/BERCKER_JO_STUDI-main-5/BERCKER_STUDI_DECEMBRE_25/front/src/composants/card.jsx","statementMap":{"0":{"start":{"line":11,"column":2},"end":{"line":56,"column":3}},"1":{"start":{"line":60,"column":2},"end":{"line":69,"column":1}},"2":{"start":{"line":73,"column":2},"end":{"line":85,"column":3}},"3":{"start":{"line":88,"column":2},"end":{"line":103,"column":10}},"4":{"start":{"line":106,"column":2},"end":{"line":115,"column":3}},"5":{"start":{"line":118,"column":2},"end":{"line":141,"column":3}},"6":{"start":{"line":149,"column":28},"end":{"line":158,"column":4}},"7":{"start":{"line":160,"column":19},"end":{"line":163,"column":1}},"8":{"start":{"line":161,"column":15},"end":{"line":161,"column":29}},"9":{"start":{"line":162,"column":2},"end":{"line":162,"column":18}},"10":{"start":{"line":165,"column":4},"end":{"line":165,"column":22}},"11":{"start":{"line":166,"column":4},"end":{"line":166,"column":23}},"12":{"start":{"line":172,"column":2},"end":{"line":229,"column":3}}},"fnMap":{"0":{"name":"Carte","decl":{"start":{"line":10,"column":9},"end":{"line":10,"column":14}},"loc":{"start":{"line":10,"column":22},"end":{"line":57,"column":1}},"line":10},"1":{"name":"Card1","decl":{"start":{"line":59,"column":9},"end":{"line":59,"column":14}},"loc":{"start":{"line":59,"column":21},"end":{"line":70,"column":1}},"line":59},"2":{"name":"Card2","decl":{"start":{"line":72,"column":9},"end":{"line":72,"column":14}},"loc":{"start":{"line":72,"column":21},"end":{"line":86,"column":1}},"line":72},"3":{"name":"CardOffre","decl":{"start":{"line":87,"column":9},"end":{"line":87,"column":18}},"loc":{"start":{"line":87,"column":25},"end":{"line":104,"column":1}},"line":87},"4":{"name":"CardEbillet","decl":{"start":{"line":105,"column":9},"end":{"line":105,"column":20}},"loc":{"start":{"line":105,"column":27},"end":{"line":116,"column":1}},"line":105},"5":{"name":"CardCompte","decl":{"start":{"line":117,"column":9},"end":{"line":117,"column":19}},"loc":{"start":{"line":117,"column":26},"end":{"line":142,"column":1}},"line":117},"6":{"name":"Cardoffre1","decl":{"start":{"line":144,"column":9},"end":{"line":144,"column":19}},"loc":{"start":{"line":144,"column":26},"end":{"line":230,"column":2}},"line":144},"7":{"name":"(anonymous_7)","decl":{"start":{"line":160,"column":19},"end":{"line":160,"column":20}},"loc":{"start":{"line":160,"column":24},"end":{"line":163,"column":1}},"line":160},"8":{"name":"click","decl":{"start":{"line":164,"column":11},"end":{"line":164,"column":16}},"loc":{"start":{"line":164,"column":19},"end":{"line":169,"column":3}},"line":164}},"branchMap":{},"s":{"0":1,"1":5,"2":1,"3":1,"4":0,"5":0,"6":1,"7":1,"8":0,"9":0,"10":0,"11":0,"12":1},"f":{"0":1,"1":5,"2":1,"3":1,"4":0,"5":0,"6":1,"7":0,"8":0},"b":{},"_coverageSchema":"1a1c01bbd47fc00a2c39e90264f33305004495a9","hash":"d14bce2e841463c05800b238604e88b30e9541b4"}
,"/Users/valentinbercker/Downloads/BERCKER_JO_STUDI-main-5/BERCKER_STUDI_DECEMBRE_25/front/src/composants/float.jsx": {"path":"/Users/valentinbercker/Downloads/BERCKER_JO_STUDI-main-5/BERCKER_STUDI_DECEMBRE_25/front/src/composants/float.jsx","statementMap":{"0":{"start":{"line":6,"column":4},"end":{"line":48,"column":5}}},"fnMap":{"0":{"name":"Float","decl":{"start":{"line":5,"column":9},"end":{"line":5,"column":14}},"loc":{"start":{"line":5,"column":16},"end":{"line":49,"column":1}},"line":5}},"branchMap":{},"s":{"0":1},"f":{"0":1},"b":{},"_coverageSchema":"1a1c01bbd47fc00a2c39e90264f33305004495a9","hash":"2669eb855b114049d4c97d8bda0f31f2e9af1a0c"}
,"/Users/valentinbercker/Downloads/BERCKER_JO_STUDI-main-5/BERCKER_STUDI_DECEMBRE_25/front/src/composants/offerCard.jsx": {"path":"/Users/valentinbercker/Downloads/BERCKER_JO_STUDI-main-5/BERCKER_STUDI_DECEMBRE_25/front/src/composants/offerCard.jsx","statementMap":{"0":{"start":{"line":4,"column":4},"end":{"line":19,"column":5}}},"fnMap":{"0":{"name":"OfferCard","decl":{"start":{"line":3,"column":9},"end":{"line":3,"column":18}},"loc":{"start":{"line":3,"column":25},"end":{"line":20,"column":1}},"line":3}},"branchMap":{},"s":{"0":1},"f":{"0":1},"b":{},"_coverageSchema":"1a1c01bbd47fc00a2c39e90264f33305004495a9","hash":"df49292d933cd676eaa0a3704eb6365916d26033"}
,"/Users/valentinbercker/Downloads/BERCKER_JO_STUDI-main-5/BERCKER_STUDI_DECEMBRE_25/front/src/composants/offregrid.jsx": {"path":"/Users/valentinbercker/Downloads/BERCKER_JO_STUDI-main-5/BERCKER_STUDI_DECEMBRE_25/front/src/composants/offregrid.jsx","statementMap":{"0":{"start":{"line":4,"column":18},"end":{"line":102,"column":1}},"1":{"start":{"line":5,"column":28},"end":{"line":5,"column":40}},"2":{"start":{"line":6,"column":28},"end":{"line":6,"column":40}},"3":{"start":{"line":7,"column":28},"end":{"line":7,"column":42}},"4":{"start":{"line":9,"column":25},"end":{"line":16,"column":3}},"5":{"start":{"line":18,"column":18},"end":{"line":31,"column":3}},"6":{"start":{"line":19,"column":4},"end":{"line":30,"column":5}},"7":{"start":{"line":20,"column":23},"end":{"line":20,"column":81}},"8":{"start":{"line":21,"column":6},"end":{"line":23,"column":7}},"9":{"start":{"line":22,"column":8},"end":{"line":22,"column":66}},"10":{"start":{"line":24,"column":21},"end":{"line":24,"column":42}},"11":{"start":{"line":25,"column":6},"end":{"line":25,"column":70}},"12":{"start":{"line":26,"column":6},"end":{"line":26,"column":34}},"13":{"start":{"line":28,"column":6},"end":{"line":28,"column":73}},"14":{"start":{"line":29,"column":6},"end":{"line":29,"column":22}},"15":{"start":{"line":33,"column":18},"end":{"line":46,"column":3}},"16":{"start":{"line":34,"column":4},"end":{"line":45,"column":5}},"17":{"start":{"line":35,"column":23},"end":{"line":35,"column":87}},"18":{"start":{"line":36,"column":6},"end":{"line":38,"column":7}},"19":{"start":{"line":37,"column":8},"end":{"line":37,"column":66}},"20":{"start":{"line":39,"column":21},"end":{"line":39,"column":42}},"21":{"start":{"line":40,"column":6},"end":{"line":40,"column":59}},"22":{"start":{"line":41,"column":6},"end":{"line":41,"column":23}},"23":{"start":{"line":43,"column":6},"end":{"line":43,"column":73}},"24":{"start":{"line":44,"column":6},"end":{"line":44,"column":22}},"25":{"start":{"line":50,"column":2},"end":{"line":53,"column":9}},"26":{"start":{"line":51,"column":4},"end":{"line":51,"column":14}},"27":{"start":{"line":52,"column":4},"end":{"line":52,"column":14}},"28":{"start":{"line":55,"column":2},"end":{"line":57,"column":3}},"29":{"start":{"line":56,"column":4},"end":{"line":56,"column":46}},"30":{"start":{"line":59,"column":2},"end":{"line":61,"column":3}},"31":{"start":{"line":60,"column":4},"end":{"line":60,"column":69}},"32":{"start":{"line":63,"column":2},"end":{"line":65,"column":3}},"33":{"start":{"line":64,"column":4},"end":{"line":64,"column":70}},"34":{"start":{"line":67,"column":2},"end":{"line":101,"column":4}},"35":{"start":{"line":73,"column":10},"end":{"line":95,"column":16}},"36":{"start":{"line":82,"column":18},"end":{"line":91,"column":24}}},"fnMap":{"0":{"name":"(anonymous_0)","decl":{"start":{"line":4,"column":18},"end":{"line":4,"column":19}},"loc":{"start":{"line":4,"column":24},"end":{"line":102,"column":1}},"line":4},"1":{"name":"(anonymous_1)","decl":{"start":{"line":18,"column":18},"end":{"line":18,"column":19}},"loc":{"start":{"line":18,"column":30},"end":{"line":31,"column":3}},"line":18},"2":{"name":"(anonymous_2)","decl":{"start":{"line":33,"column":18},"end":{"line":33,"column":19}},"loc":{"start":{"line":33,"column":30},"end":{"line":46,"column":3}},"line":33},"3":{"name":"(anonymous_3)","decl":{"start":{"line":50,"column":12},"end":{"line":50,"column":13}},"loc":{"start":{"line":50,"column":18},"end":{"line":53,"column":3}},"line":50},"4":{"name":"(anonymous_4)","decl":{"start":{"line":72,"column":17},"end":{"line":72,"column":18}},"loc":{"start":{"line":73,"column":10},"end":{"line":95,"column":16}},"line":73},"5":{"name":"(anonymous_5)","decl":{"start":{"line":81,"column":35},"end":{"line":81,"column":36}},"loc":{"start":{"line":82,"column":18},"end":{"line":91,"column":24}},"line":82}},"branchMap":{"0":{"loc":{"start":{"line":21,"column":6},"end":{"line":23,"column":7}},"type":"if","locations":[{"start":{"line":21,"column":6},"end":{"line":23,"column":7}},{"start":{},"end":{}}],"line":21},"1":{"loc":{"start":{"line":36,"column":6},"end":{"line":38,"column":7}},"type":"if","locations":[{"start":{"line":36,"column":6},"end":{"line":38,"column":7}},{"start":{},"end":{}}],"line":36},"2":{"loc":{"start":{"line":55,"column":2},"end":{"line":57,"column":3}},"type":"if","locations":[{"start":{"line":55,"column":2},"end":{"line":57,"column":3}},{"start":{},"end":{}}],"line":55},"3":{"loc":{"start":{"line":59,"column":2},"end":{"line":61,"column":3}},"type":"if","locations":[{"start":{"line":59,"column":2},"end":{"line":61,"column":3}},{"start":{},"end":{}}],"line":59},"4":{"loc":{"start":{"line":63,"column":2},"end":{"line":65,"column":3}},"type":"if","locations":[{"start":{"line":63,"column":2},"end":{"line":65,"column":3}},{"start":{},"end":{}}],"line":63}},"s":{"0":1,"1":2,"2":2,"3":2,"4":2,"5":2,"6":1,"7":1,"8":1,"9":1,"10":0,"11":0,"12":0,"13":1,"14":1,"15":2,"16":1,"17":1,"18":1,"19":1,"20":0,"21":0,"22":0,"23":1,"24":1,"25":2,"26":1,"27":1,"28":2,"29":1,"30":1,"31":0,"32":1,"33":0,"34":1,"35":0,"36":0},"f":{"0":2,"1":1,"2":1,"3":1,"4":0,"5":0},"b":{"0":[1,0],"1":[1,0],"2":[1,1],"3":[0,1],"4":[0,1]},"_coverageSchema":"1a1c01bbd47fc00a2c39e90264f33305004495a9","hash":"2b1ae0d3843f7da80ae36d54302064e7507208b2"}
,"/Users/valentinbercker/Downloads/BERCKER_JO_STUDI-main-5/BERCKER_STUDI_DECEMBRE_25/front/src/composants/table.jsx": {"path":"/Users/valentinbercker/Downloads/BERCKER_JO_STUDI-main-5/BERCKER_STUDI_DECEMBRE_25/front/src/composants/table.jsx","statementMap":{"0":{"start":{"line":5,"column":4},"end":{"line":27,"column":11}}},"fnMap":{"0":{"name":"Table","decl":{"start":{"line":3,"column":16},"end":{"line":3,"column":21}},"loc":{"start":{"line":3,"column":28},"end":{"line":28,"column":1}},"line":3}},"branchMap":{},"s":{"0":1},"f":{"0":1},"b":{},"_coverageSchema":"1a1c01bbd47fc00a2c39e90264f33305004495a9","hash":"5070a2e71bcf5f1c3ff548c64faa71a10793bc9d"}
,"/Users/valentinbercker/Downloads/BERCKER_JO_STUDI-main-5/BERCKER_STUDI_DECEMBRE_25/front/src/composants/textbtn.jsx": {"path":"/Users/valentinbercker/Downloads/BERCKER_JO_STUDI-main-5/BERCKER_STUDI_DECEMBRE_25/front/src/composants/textbtn.jsx","statementMap":{"0":{"start":{"line":6,"column":4},"end":{"line":13,"column":6}},"1":{"start":{"line":17,"column":4},"end":{"line":39,"column":5}}},"fnMap":{"0":{"name":"Textebtn","decl":{"start":{"line":5,"column":9},"end":{"line":5,"column":17}},"loc":{"start":{"line":5,"column":25},"end":{"line":14,"column":1}},"line":5},"1":{"name":"GridSport","decl":{"start":{"line":16,"column":9},"end":{"line":16,"column":18}},"loc":{"start":{"line":16,"column":20},"end":{"line":40,"column":1}},"line":16}},"branchMap":{},"s":{"0":1,"1":1},"f":{"0":1,"1":1},"b":{},"_coverageSchema":"1a1c01bbd47fc00a2c39e90264f33305004495a9","hash":"6e34773d75089499a650614fb38fc57171d65d08"}
,"/Users/valentinbercker/Downloads/BERCKER_JO_STUDI-main-5/BERCKER_STUDI_DECEMBRE_25/front/src/composants/securite_cookies_token_auth_localstorage/auth.jsx": {"path":"/Users/valentinbercker/Downloads/BERCKER_JO_STUDI-main-5/BERCKER_STUDI_DECEMBRE_25/front/src/composants/securite_cookies_token_auth_localstorage/auth.jsx","statementMap":{"0":{"start":{"line":5,"column":20},"end":{"line":5,"column":39}},"1":{"start":{"line":7,"column":28},"end":{"line":26,"column":1}},"2":{"start":{"line":8,"column":26},"end":{"line":8,"column":40}},"3":{"start":{"line":9,"column":32},"end":{"line":9,"column":47}},"4":{"start":{"line":11,"column":16},"end":{"line":14,"column":3}},"5":{"start":{"line":12,"column":4},"end":{"line":12,"column":17}},"6":{"start":{"line":13,"column":4},"end":{"line":13,"column":36}},"7":{"start":{"line":16,"column":17},"end":{"line":19,"column":3}},"8":{"start":{"line":17,"column":4},"end":{"line":17,"column":17}},"9":{"start":{"line":18,"column":4},"end":{"line":18,"column":21}},"10":{"start":{"line":21,"column":2},"end":{"line":25,"column":3}},"11":{"start":{"line":28,"column":23},"end":{"line":30,"column":1}},"12":{"start":{"line":29,"column":2},"end":{"line":29,"column":32}}},"fnMap":{"0":{"name":"(anonymous_0)","decl":{"start":{"line":7,"column":28},"end":{"line":7,"column":29}},"loc":{"start":{"line":7,"column":46},"end":{"line":26,"column":1}},"line":7},"1":{"name":"(anonymous_1)","decl":{"start":{"line":11,"column":16},"end":{"line":11,"column":17}},"loc":{"start":{"line":11,"column":24},"end":{"line":14,"column":3}},"line":11},"2":{"name":"(anonymous_2)","decl":{"start":{"line":16,"column":17},"end":{"line":16,"column":18}},"loc":{"start":{"line":16,"column":23},"end":{"line":19,"column":3}},"line":16},"3":{"name":"(anonymous_3)","decl":{"start":{"line":28,"column":23},"end":{"line":28,"column":24}},"loc":{"start":{"line":28,"column":29},"end":{"line":30,"column":1}},"line":28}},"branchMap":{},"s":{"0":3,"1":3,"2":5,"3":5,"4":5,"5":2,"6":2,"7":5,"8":1,"9":1,"10":5,"11":3,"12":12},"f":{"0":5,"1":2,"2":1,"3":12},"b":{},"_coverageSchema":"1a1c01bbd47fc00a2c39e90264f33305004495a9","hash":"8402acbd01ca8a6fbb10bd95a538e6a9f1285374"}
,"/Users/valentinbercker/Downloads/BERCKER_JO_STUDI-main-5/BERCKER_STUDI_DECEMBRE_25/front/src/composants/securite_cookies_token_auth_localstorage/cookies.js": {"path":"/Users/valentinbercker/Downloads/BERCKER_JO_STUDI-main-5/BERCKER_STUDI_DECEMBRE_25/front/src/composants/securite_cookies_token_auth_localstorage/cookies.js","statementMap":{"0":{"start":{"line":7,"column":20},"end":{"line":7,"column":47}},"1":{"start":{"line":8,"column":18},"end":{"line":10,"column":23}},"2":{"start":{"line":9,"column":19},"end":{"line":9,"column":43}},"3":{"start":{"line":11,"column":4},"end":{"line":13,"column":5}},"4":{"start":{"line":12,"column":8},"end":{"line":12,"column":19}},"5":{"start":{"line":14,"column":4},"end":{"line":14,"column":36}},"6":{"start":{"line":24,"column":17},"end":{"line":24,"column":27}},"7":{"start":{"line":25,"column":4},"end":{"line":25,"column":39}},"8":{"start":{"line":26,"column":4},"end":{"line":26,"column":92}}},"fnMap":{"0":{"name":"getCookie","decl":{"start":{"line":6,"column":9},"end":{"line":6,"column":18}},"loc":{"start":{"line":6,"column":25},"end":{"line":15,"column":1}},"line":6},"1":{"name":"(anonymous_1)","decl":{"start":{"line":9,"column":14},"end":{"line":9,"column":15}},"loc":{"start":{"line":9,"column":19},"end":{"line":9,"column":43}},"line":9},"2":{"name":"setCookie","decl":{"start":{"line":23,"column":9},"end":{"line":23,"column":18}},"loc":{"start":{"line":23,"column":38},"end":{"line":27,"column":1}},"line":23}},"branchMap":{"0":{"loc":{"start":{"line":11,"column":4},"end":{"line":13,"column":5}},"type":"if","locations":[{"start":{"line":11,"column":4},"end":{"line":13,"column":5}},{"start":{},"end":{}}],"line":11}},"s":{"0":2,"1":2,"2":2,"3":2,"4":0,"5":2,"6":1,"7":1,"8":1},"f":{"0":2,"1":2,"2":1},"b":{"0":[0,2]},"_coverageSchema":"1a1c01bbd47fc00a2c39e90264f33305004495a9","hash":"fd6c9bc1945e7754ccef180796bd73771363b35a"}
,"/Users/valentinbercker/Downloads/BERCKER_JO_STUDI-main-5/BERCKER_STUDI_DECEMBRE_25/front/src/composants/securite_cookies_token_auth_localstorage/gestionpanier.jsx": {"path":"/Users/valentinbercker/Downloads/BERCKER_JO_STUDI-main-5/BERCKER_STUDI_DECEMBRE_25/front/src/composants/securite_cookies_token_auth_localstorage/gestionpanier.jsx","statementMap":{"0":{"start":{"line":4,"column":4},"end":{"line":4,"column":53}},"1":{"start":{"line":7,"column":19},"end":{"line":7,"column":47}},"2":{"start":{"line":8,"column":9},"end":{"line":12,"column":10}},"3":{"start":{"line":9,"column":13},"end":{"line":9,"column":23}},"4":{"start":{"line":11,"column":13},"end":{"line":11,"column":37}},"5":{"start":{"line":15,"column":0},"end":{"line":15,"column":55}},"6":{"start":{"line":19,"column":17},"end":{"line":19,"column":48}},"7":{"start":{"line":20,"column":4},"end":{"line":24,"column":5}},"8":{"start":{"line":21,"column":8},"end":{"line":21,"column":18}},"9":{"start":{"line":23,"column":8},"end":{"line":23,"column":35}},"10":{"start":{"line":27,"column":15},"end":{"line":27,"column":27}},"11":{"start":{"line":28,"column":20},"end":{"line":28,"column":56}},"12":{"start":{"line":28,"column":38},"end":{"line":28,"column":55}},"13":{"start":{"line":30,"column":1},"end":{"line":35,"column":1}},"14":{"start":{"line":31,"column":4},"end":{"line":31,"column":28}},"15":{"start":{"line":33,"column":4},"end":{"line":33,"column":25}},"16":{"start":{"line":34,"column":5},"end":{"line":34,"column":26}},"17":{"start":{"line":37,"column":1},"end":{"line":37,"column":21}},"18":{"start":{"line":44,"column":18},"end":{"line":44,"column":30}},"19":{"start":{"line":45,"column":4},"end":{"line":45,"column":52}},"20":{"start":{"line":45,"column":32},"end":{"line":45,"column":50}},"21":{"start":{"line":46,"column":4},"end":{"line":46,"column":24}},"22":{"start":{"line":53,"column":17},"end":{"line":53,"column":29}},"23":{"start":{"line":54,"column":23},"end":{"line":54,"column":59}},"24":{"start":{"line":54,"column":40},"end":{"line":54,"column":58}},"25":{"start":{"line":56,"column":4},"end":{"line":64,"column":4}},"26":{"start":{"line":57,"column":7},"end":{"line":57,"column":41}},"27":{"start":{"line":58,"column":7},"end":{"line":63,"column":8}},"28":{"start":{"line":59,"column":8},"end":{"line":59,"column":29}},"29":{"start":{"line":62,"column":8},"end":{"line":62,"column":28}},"30":{"start":{"line":70,"column":18},"end":{"line":70,"column":30}},"31":{"start":{"line":71,"column":17},"end":{"line":71,"column":18}},"32":{"start":{"line":73,"column":4},"end":{"line":75,"column":5}},"33":{"start":{"line":74,"column":8},"end":{"line":74,"column":34}},"34":{"start":{"line":76,"column":4},"end":{"line":76,"column":18}},"35":{"start":{"line":81,"column":18},"end":{"line":81,"column":30}},"36":{"start":{"line":82,"column":16},"end":{"line":82,"column":17}},"37":{"start":{"line":84,"column":4},"end":{"line":86,"column":5}},"38":{"start":{"line":85,"column":8},"end":{"line":85,"column":46}},"39":{"start":{"line":87,"column":4},"end":{"line":87,"column":17}}},"fnMap":{"0":{"name":"saveuser","decl":{"start":{"line":3,"column":9},"end":{"line":3,"column":17}},"loc":{"start":{"line":3,"column":23},"end":{"line":5,"column":5}},"line":3},"1":{"name":"getuser","decl":{"start":{"line":6,"column":13},"end":{"line":6,"column":20}},"loc":{"start":{"line":6,"column":22},"end":{"line":13,"column":6}},"line":6},"2":{"name":"saveTickets","decl":{"start":{"line":14,"column":9},"end":{"line":14,"column":20}},"loc":{"start":{"line":14,"column":29},"end":{"line":16,"column":1}},"line":14},"3":{"name":"getTickets","decl":{"start":{"line":18,"column":9},"end":{"line":18,"column":19}},"loc":{"start":{"line":18,"column":21},"end":{"line":25,"column":1}},"line":18},"4":{"name":"addTickets","decl":{"start":{"line":26,"column":9},"end":{"line":26,"column":19}},"loc":{"start":{"line":26,"column":27},"end":{"line":38,"column":1}},"line":26},"5":{"name":"(anonymous_5)","decl":{"start":{"line":28,"column":34},"end":{"line":28,"column":35}},"loc":{"start":{"line":28,"column":38},"end":{"line":28,"column":55}},"line":28},"6":{"name":"remove","decl":{"start":{"line":42,"column":9},"end":{"line":42,"column":15}},"loc":{"start":{"line":42,"column":24},"end":{"line":47,"column":1}},"line":42},"7":{"name":"(anonymous_7)","decl":{"start":{"line":45,"column":29},"end":{"line":45,"column":30}},"loc":{"start":{"line":45,"column":32},"end":{"line":45,"column":50}},"line":45},"8":{"name":"changeQuantity","decl":{"start":{"line":51,"column":9},"end":{"line":51,"column":23}},"loc":{"start":{"line":51,"column":41},"end":{"line":67,"column":1}},"line":51},"9":{"name":"(anonymous_9)","decl":{"start":{"line":54,"column":36},"end":{"line":54,"column":37}},"loc":{"start":{"line":54,"column":40},"end":{"line":54,"column":58}},"line":54},"10":{"name":"getNumberTickerts","decl":{"start":{"line":69,"column":9},"end":{"line":69,"column":26}},"loc":{"start":{"line":69,"column":28},"end":{"line":77,"column":1}},"line":69},"11":{"name":"getTotalPrice","decl":{"start":{"line":79,"column":9},"end":{"line":79,"column":22}},"loc":{"start":{"line":79,"column":24},"end":{"line":88,"column":1}},"line":79}},"branchMap":{"0":{"loc":{"start":{"line":8,"column":9},"end":{"line":12,"column":10}},"type":"if","locations":[{"start":{"line":8,"column":9},"end":{"line":12,"column":10}},{"start":{"line":10,"column":14},"end":{"line":12,"column":10}}],"line":8},"1":{"loc":{"start":{"line":20,"column":4},"end":{"line":24,"column":5}},"type":"if","locations":[{"start":{"line":20,"column":4},"end":{"line":24,"column":5}},{"start":{"line":22,"column":9},"end":{"line":24,"column":5}}],"line":20},"2":{"loc":{"start":{"line":30,"column":1},"end":{"line":35,"column":1}},"type":"if","locations":[{"start":{"line":30,"column":1},"end":{"line":35,"column":1}},{"start":{"line":32,"column":5},"end":{"line":35,"column":1}}],"line":30},"3":{"loc":{"start":{"line":56,"column":4},"end":{"line":64,"column":4}},"type":"if","locations":[{"start":{"line":56,"column":4},"end":{"line":64,"column":4}},{"start":{},"end":{}}],"line":56},"4":{"loc":{"start":{"line":58,"column":7},"end":{"line":63,"column":8}},"type":"if","locations":[{"start":{"line":58,"column":7},"end":{"line":63,"column":8}},{"start":{"line":60,"column":12},"end":{"line":63,"column":8}}],"line":58}},"s":{"0":1,"1":2,"2":2,"3":1,"4":1,"5":4,"6":7,"7":7,"8":3,"9":4,"10":3,"11":3,"12":1,"13":3,"14":1,"15":2,"16":2,"17":3,"18":0,"19":0,"20":0,"21":0,"22":0,"23":0,"24":0,"25":0,"26":0,"27":0,"28":0,"29":0,"30":0,"31":0,"32":0,"33":0,"34":0,"35":0,"36":0,"37":0,"38":0,"39":0},"f":{"0":1,"1":2,"2":4,"3":7,"4":3,"5":1,"6":0,"7":0,"8":0,"9":0,"10":0,"11":0},"b":{"0":[1,1],"1":[3,4],"2":[1,2],"3":[0,0],"4":[0,0]},"_coverageSchema":"1a1c01bbd47fc00a2c39e90264f33305004495a9","hash":"2dc5dce65f103928b28202b7faebe789a8825de4"}
,"/Users/valentinbercker/Downloads/BERCKER_JO_STUDI-main-5/BERCKER_STUDI_DECEMBRE_25/front/src/composants/securite_cookies_token_auth_localstorage/requireAuth.jsx": {"path":"/Users/valentinbercker/Downloads/BERCKER_JO_STUDI-main-5/BERCKER_STUDI_DECEMBRE_25/front/src/composants/securite_cookies_token_auth_localstorage/requireAuth.jsx","statementMap":{"0":{"start":{"line":5,"column":27},"end":{"line":12,"column":2}},"1":{"start":{"line":6,"column":19},"end":{"line":6,"column":32}},"2":{"start":{"line":7,"column":15},"end":{"line":7,"column":24}},"3":{"start":{"line":8,"column":2},"end":{"line":12,"column":1}},"4":{"start":{"line":9,"column":4},"end":{"line":9,"column":75}},"5":{"start":{"line":10,"column":9},"end":{"line":10,"column":18}},"6":{"start":{"line":11,"column":2},"end":{"line":11,"column":17}},"7":{"start":{"line":18,"column":21},"end":{"line":27,"column":1}},"8":{"start":{"line":19,"column":19},"end":{"line":19,"column":32}},"9":{"start":{"line":20,"column":22},"end":{"line":20,"column":31}},"10":{"start":{"line":22,"column":2},"end":{"line":24,"column":3}},"11":{"start":{"line":23,"column":4},"end":{"line":23,"column":76}},"12":{"start":{"line":26,"column":2},"end":{"line":26,"column":18}}},"fnMap":{"0":{"name":"(anonymous_0)","decl":{"start":{"line":5,"column":27},"end":{"line":5,"column":28}},"loc":{"start":{"line":5,"column":45},"end":{"line":12,"column":2}},"line":5},"1":{"name":"(anonymous_1)","decl":{"start":{"line":18,"column":21},"end":{"line":18,"column":22}},"loc":{"start":{"line":18,"column":39},"end":{"line":27,"column":1}},"line":18}},"branchMap":{"0":{"loc":{"start":{"line":8,"column":2},"end":{"line":12,"column":1}},"type":"if","locations":[{"start":{"line":8,"column":2},"end":{"line":12,"column":1}},{"start":{"line":10,"column":8},"end":{"line":12,"column":1}}],"line":8},"1":{"loc":{"start":{"line":22,"column":2},"end":{"line":24,"column":3}},"type":"if","locations":[{"start":{"line":22,"column":2},"end":{"line":24,"column":3}},{"start":{},"end":{}}],"line":22}},"s":{"0":1,"1":0,"2":0,"3":0,"4":0,"5":0,"6":0,"7":1,"8":0,"9":0,"10":0,"11":0,"12":0},"f":{"0":0,"1":0},"b":{"0":[0,0],"1":[0,0]},"_coverageSchema":"1a1c01bbd47fc00a2c39e90264f33305004495a9","hash":"cbf44161fbf1b8673a138e053d5f2c3dca3ff1f9"}
,"/Users/valentinbercker/Downloads/BERCKER_JO_STUDI-main-5/BERCKER_STUDI_DECEMBRE_25/front/src/composants/securite_cookies_token_auth_localstorage/servicetoken.jsx": {"path":"/Users/valentinbercker/Downloads/BERCKER_JO_STUDI-main-5/BERCKER_STUDI_DECEMBRE_25/front/src/composants/securite_cookies_token_auth_localstorage/servicetoken.jsx","statementMap":{"0":{"start":{"line":9,"column":12},"end":{"line":11,"column":1}},"1":{"start":{"line":10,"column":4},"end":{"line":10,"column":49}},"2":{"start":{"line":17,"column":16},"end":{"line":19,"column":1}},"3":{"start":{"line":18,"column":4},"end":{"line":18,"column":40}},"4":{"start":{"line":21,"column":21},"end":{"line":23,"column":1}},"5":{"start":{"line":22,"column":4},"end":{"line":22,"column":40}},"6":{"start":{"line":28,"column":13},"end":{"line":30,"column":1}},"7":{"start":{"line":29,"column":4},"end":{"line":29,"column":36}},"8":{"start":{"line":36,"column":15},"end":{"line":39,"column":1}},"9":{"start":{"line":37,"column":16},"end":{"line":37,"column":45}},"10":{"start":{"line":38,"column":4},"end":{"line":38,"column":18}},"11":{"start":{"line":45,"column":15},"end":{"line":47,"column":1}},"12":{"start":{"line":46,"column":4},"end":{"line":46,"column":40}},"13":{"start":{"line":53,"column":19},"end":{"line":55,"column":1}},"14":{"start":{"line":54,"column":4},"end":{"line":54,"column":32}},"15":{"start":{"line":58,"column":30},"end":{"line":60,"column":1}}},"fnMap":{"0":{"name":"(anonymous_0)","decl":{"start":{"line":9,"column":12},"end":{"line":9,"column":13}},"loc":{"start":{"line":9,"column":29},"end":{"line":11,"column":1}},"line":9},"1":{"name":"(anonymous_1)","decl":{"start":{"line":17,"column":16},"end":{"line":17,"column":17}},"loc":{"start":{"line":17,"column":27},"end":{"line":19,"column":1}},"line":17},"2":{"name":"(anonymous_2)","decl":{"start":{"line":21,"column":21},"end":{"line":21,"column":22}},"loc":{"start":{"line":21,"column":32},"end":{"line":23,"column":1}},"line":21},"3":{"name":"(anonymous_3)","decl":{"start":{"line":28,"column":13},"end":{"line":28,"column":14}},"loc":{"start":{"line":28,"column":19},"end":{"line":30,"column":1}},"line":28},"4":{"name":"(anonymous_4)","decl":{"start":{"line":36,"column":15},"end":{"line":36,"column":16}},"loc":{"start":{"line":36,"column":21},"end":{"line":39,"column":1}},"line":36},"5":{"name":"(anonymous_5)","decl":{"start":{"line":45,"column":15},"end":{"line":45,"column":16}},"loc":{"start":{"line":45,"column":21},"end":{"line":47,"column":1}},"line":45},"6":{"name":"(anonymous_6)","decl":{"start":{"line":53,"column":19},"end":{"line":53,"column":20}},"loc":{"start":{"line":53,"column":25},"end":{"line":55,"column":1}},"line":53}},"branchMap":{},"s":{"0":1,"1":0,"2":1,"3":0,"4":1,"5":0,"6":1,"7":0,"8":1,"9":0,"10":0,"11":1,"12":0,"13":1,"14":0,"15":1},"f":{"0":0,"1":0,"2":0,"3":0,"4":0,"5":0,"6":0},"b":{},"_coverageSchema":"1a1c01bbd47fc00a2c39e90264f33305004495a9","hash":"3249f04d5da2f602a1196c1e663fea93e84dc752"}
,"/Users/valentinbercker/Downloads/BERCKER_JO_STUDI-main-5/BERCKER_STUDI_DECEMBRE_25/front/src/composants/securite_cookies_token_auth_localstorage/validationForm.jsx": {"path":"/Users/valentinbercker/Downloads/BERCKER_JO_STUDI-main-5/BERCKER_STUDI_DECEMBRE_25/front/src/composants/securite_cookies_token_auth_localstorage/validationForm.jsx","statementMap":{"0":{"start":{"line":5,"column":27},"end":{"line":9,"column":2}},"1":{"start":{"line":11,"column":24},"end":{"line":14,"column":2}},"2":{"start":{"line":16,"column":25},"end":{"line":21,"column":2}},"3":{"start":{"line":22,"column":24},"end":{"line":27,"column":2}},"4":{"start":{"line":30,"column":27},"end":{"line":35,"column":2}},"5":{"start":{"line":36,"column":27},"end":{"line":41,"column":2}},"6":{"start":{"line":42,"column":27},"end":{"line":47,"column":2}},"7":{"start":{"line":48,"column":24},"end":{"line":53,"column":2}}},"fnMap":{},"branchMap":{},"s":{"0":1,"1":1,"2":1,"3":1,"4":1,"5":1,"6":1,"7":1},"f":{},"b":{},"_coverageSchema":"1a1c01bbd47fc00a2c39e90264f33305004495a9","hash":"a944e06f690552a8a9768e47a1d74210a1dd3b51"}
,"/Users/valentinbercker/Downloads/BERCKER_JO_STUDI-main-5/BERCKER_STUDI_DECEMBRE_25/front/src/composants/template/footer.jsx": {"path":"/Users/valentinbercker/Downloads/BERCKER_JO_STUDI-main-5/BERCKER_STUDI_DECEMBRE_25/front/src/composants/template/footer.jsx","statementMap":{"0":{"start":{"line":5,"column":4},"end":{"line":34,"column":5}}},"fnMap":{"0":{"name":"Footer","decl":{"start":{"line":4,"column":9},"end":{"line":4,"column":15}},"loc":{"start":{"line":4,"column":17},"end":{"line":35,"column":1}},"line":4}},"branchMap":{},"s":{"0":10},"f":{"0":10},"b":{},"_coverageSchema":"1a1c01bbd47fc00a2c39e90264f33305004495a9","hash":"e5a8bd3412ca9bf0b8d4a52e2f27b55f98323919"}
,"/Users/valentinbercker/Downloads/BERCKER_JO_STUDI-main-5/BERCKER_STUDI_DECEMBRE_25/front/src/composants/template/headerNavbar.jsx": {"path":"/Users/valentinbercker/Downloads/BERCKER_JO_STUDI-main-5/BERCKER_STUDI_DECEMBRE_25/front/src/composants/template/headerNavbar.jsx","statementMap":{"0":{"start":{"line":14,"column":19},"end":{"line":14,"column":32}},"1":{"start":{"line":15,"column":15},"end":{"line":15,"column":24}},"2":{"start":{"line":16,"column":23},"end":{"line":21,"column":3}},"3":{"start":{"line":17,"column":4},"end":{"line":17,"column":17}},"4":{"start":{"line":18,"column":4},"end":{"line":18,"column":36}},"5":{"start":{"line":19,"column":4},"end":{"line":19,"column":36}},"6":{"start":{"line":20,"column":4},"end":{"line":20,"column":17}},"7":{"start":{"line":28,"column":2},"end":{"line":95,"column":2}},"8":{"start":{"line":108,"column":2},"end":{"line":151,"column":2}},"9":{"start":{"line":156,"column":2},"end":{"line":170,"column":11}},"10":{"start":{"line":174,"column":6},"end":{"line":185,"column":15}}},"fnMap":{"0":{"name":"Nav","decl":{"start":{"line":13,"column":9},"end":{"line":13,"column":12}},"loc":{"start":{"line":13,"column":14},"end":{"line":96,"column":1}},"line":13},"1":{"name":"(anonymous_1)","decl":{"start":{"line":16,"column":23},"end":{"line":16,"column":24}},"loc":{"start":{"line":16,"column":29},"end":{"line":21,"column":3}},"line":16},"2":{"name":"Nav1","decl":{"start":{"line":106,"column":9},"end":{"line":106,"column":13}},"loc":{"start":{"line":106,"column":20},"end":{"line":152,"column":1}},"line":106},"3":{"name":"Header","decl":{"start":{"line":154,"column":9},"end":{"line":154,"column":15}},"loc":{"start":{"line":156,"column":0},"end":{"line":170,"column":12}},"line":156},"4":{"name":"Header1","decl":{"start":{"line":172,"column":13},"end":{"line":172,"column":20}},"loc":{"start":{"line":174,"column":4},"end":{"line":185,"column":16}},"line":174}},"branchMap":{"0":{"loc":{"start":{"line":80,"column":1},"end":{"line":85,"column":7}},"type":"binary-expr","locations":[{"start":{"line":80,"column":1},"end":{"line":80,"column":11}},{"start":{"line":80,"column":16},"end":{"line":83,"column":6}}],"line":80},"1":{"loc":{"start":{"line":86,"column":1},"end":{"line":88,"column":1}},"type":"binary-expr","locations":[{"start":{"line":86,"column":1},"end":{"line":86,"column":10}},{"start":{"line":87,"column":2},"end":{"line":87,"column":83}}],"line":86}},"s":{"0":1,"1":1,"2":1,"3":0,"4":0,"5":0,"6":0,"7":1,"8":0,"9":1,"10":1},"f":{"0":1,"1":0,"2":0,"3":1,"4":1},"b":{"0":[1,1],"1":[1,0]},"_coverageSchema":"1a1c01bbd47fc00a2c39e90264f33305004495a9","hash":"b9bada343b2549546b0da5ef9f0f97a7c940623d"}
,"/Users/valentinbercker/Downloads/BERCKER_JO_STUDI-main-5/BERCKER_STUDI_DECEMBRE_25/front/src/composants/template/sidebar.jsx": {"path":"/Users/valentinbercker/Downloads/BERCKER_JO_STUDI-main-5/BERCKER_STUDI_DECEMBRE_25/front/src/composants/template/sidebar.jsx","statementMap":{"0":{"start":{"line":9,"column":4},"end":{"line":9,"column":64}},"1":{"start":{"line":14,"column":4},"end":{"line":14,"column":63}},"2":{"start":{"line":16,"column":2},"end":{"line":58,"column":3}}},"fnMap":{"0":{"name":"Sidebar","decl":{"start":{"line":7,"column":9},"end":{"line":7,"column":16}},"loc":{"start":{"line":7,"column":23},"end":{"line":59,"column":1}},"line":7},"1":{"name":"w3_open","decl":{"start":{"line":8,"column":11},"end":{"line":8,"column":18}},"loc":{"start":{"line":8,"column":21},"end":{"line":11,"column":3}},"line":8},"2":{"name":"w3_close","decl":{"start":{"line":13,"column":11},"end":{"line":13,"column":19}},"loc":{"start":{"line":13,"column":22},"end":{"line":15,"column":3}},"line":13}},"branchMap":{},"s":{"0":0,"1":0,"2":10},"f":{"0":10,"1":0,"2":0},"b":{},"_coverageSchema":"1a1c01bbd47fc00a2c39e90264f33305004495a9","hash":"ef2b092aef7ca7024974a53971593ea8d34a4f3a"}
}
