TN:
SF:src/Pages/admin/admin.jsx
FN:5,Admin
FN:23,sportall
FN:25,(anonymous_2)
FN:26,(anonymous_3)
FN:29,(anonymous_4)
FN:32,(anonymous_5)
FN:36,handleSport
FN:40,handleSport
FN:44,handleClick
FN:51,(anonymous_9)
FN:54,(anonymous_10)
FN:59,(anonymous_11)
FN:94,(anonymous_12)
FN:119,(anonymous_13)
FNF:14
FNH:1
FNDA:9,Admin
FNDA:0,sportall
FNDA:0,(anonymous_2)
FNDA:0,(anonymous_3)
FNDA:0,(anonymous_4)
FNDA:0,(anonymous_5)
FNDA:0,handleSport
FNDA:0,handleSport
FNDA:0,handleClick
FNDA:0,(anonymous_9)
FNDA:0,(anonymous_10)
FNDA:0,(anonymous_11)
FNDA:0,(anonymous_12)
FNDA:0,(anonymous_13)
DA:6,9
DA:19,9
DA:20,8
DA:21,8
DA:24,0
DA:25,0
DA:27,0
DA:29,0
DA:32,8
DA:33,0
DA:37,0
DA:41,0
DA:45,0
DA:46,0
DA:52,0
DA:55,0
DA:57,0
DA:59,0
DA:62,8
DA:95,0
DA:120,0
LF:21
LH:6
BRF:0
BRH:0
end_of_record
TN:
SF:src/Pages/front/sum.js
FN:1,sum
FNF:1
FNH:1
FNDA:1,sum
DA:2,1
LF:1
LH:1
BRF:0
BRH:0
end_of_record
TN:
SF:src/composants/FormCO.jsx
FN:18,FormRE
FN:35,(anonymous_1)
FN:76,(anonymous_2)
FN:79,(anonymous_3)
FN:201,LogIN
FN:209,(anonymous_5)
FN:210,(anonymous_6)
FN:218,(anonymous_7)
FN:267,token1
FN:310,(anonymous_9)
FNF:10
FNH:9
FNDA:2,FormRE
FNDA:1,(anonymous_1)
FNDA:1,(anonymous_2)
FNDA:0,(anonymous_3)
FNDA:9,LogIN
FNDA:4,(anonymous_5)
FNDA:4,(anonymous_6)
FNDA:2,(anonymous_7)
FNDA:2,token1
FNDA:2,(anonymous_9)
DA:19,2
DA:28,1
DA:29,1
DA:30,1
DA:31,1
DA:32,1
DA:33,1
DA:35,1
DA:36,1
DA:39,1
DA:42,1
DA:45,1
DA:49,1
DA:50,1
DA:51,1
DA:52,1
DA:54,1
DA:55,1
DA:57,0
DA:59,1
DA:60,1
DA:62,0
DA:65,1
DA:66,1
DA:68,0
DA:70,1
DA:71,1
DA:73,0
DA:76,1
DA:79,1
DA:80,0
DA:82,0
DA:85,0
DA:88,0
DA:91,0
DA:95,0
DA:96,0
DA:97,0
DA:98,0
DA:100,0
DA:101,0
DA:102,0
DA:103,0
DA:104,0
DA:105,0
DA:106,0
DA:107,0
DA:108,0
DA:109,0
DA:110,0
DA:111,0
DA:113,0
DA:114,0
DA:116,0
DA:117,0
DA:119,0
DA:120,0
DA:122,0
DA:126,1
DA:128,1
DA:202,9
DA:206,8
DA:207,8
DA:209,8
DA:210,4
DA:212,8
DA:213,8
DA:214,8
DA:215,8
DA:216,8
DA:218,8
DA:219,2
DA:221,2
DA:222,2
DA:236,2
DA:240,2
DA:241,2
DA:242,2
DA:244,2
DA:245,0
DA:246,0
DA:247,0
DA:248,0
DA:249,0
DA:250,0
DA:251,0
DA:252,0
DA:253,0
DA:254,0
DA:255,0
DA:256,0
DA:259,2
DA:262,0
DA:268,2
DA:269,2
DA:271,2
DA:272,2
DA:273,2
DA:276,0
DA:286,0
DA:287,0
DA:291,0
DA:292,0
DA:294,0
DA:295,0
DA:296,0
DA:297,0
DA:298,0
DA:299,0
DA:300,0
DA:303,0
DA:306,0
DA:310,8
DA:311,2
DA:312,2
DA:317,8
LF:116
LH:57
BRDA:54,0,0,1
BRDA:54,0,1,0
BRDA:59,1,0,1
BRDA:59,1,1,0
BRDA:65,2,0,1
BRDA:65,2,1,0
BRDA:70,3,0,1
BRDA:70,3,1,0
BRDA:100,4,0,0
BRDA:100,4,1,0
BRDA:102,5,0,0
BRDA:102,5,1,0
BRDA:104,6,0,0
BRDA:104,6,1,0
BRDA:106,7,0,0
BRDA:106,7,1,0
BRDA:108,8,0,0
BRDA:108,8,1,0
BRDA:110,9,0,0
BRDA:110,9,1,0
BRDA:119,10,0,0
BRDA:119,10,1,0
BRDA:215,11,0,8
BRDA:215,11,1,8
BRDA:216,12,0,8
BRDA:216,12,1,8
BRDA:244,13,0,0
BRDA:244,13,1,2
BRDA:245,14,0,0
BRDA:245,14,1,0
BRDA:251,15,0,0
BRDA:251,15,1,0
BRDA:271,16,0,2
BRDA:271,16,1,0
BRDA:271,17,0,2
BRDA:271,17,1,2
BRDA:281,18,0,0
BRDA:281,18,1,0
BRDA:294,19,0,0
BRDA:294,19,1,0
BRDA:297,20,0,0
BRDA:297,20,1,0
BRDA:299,21,0,0
BRDA:299,21,1,0
BRDA:311,22,0,2
BRDA:311,22,1,0
BRF:46
BRH:13
end_of_record
TN:
SF:src/composants/ModalAchatBillet.jsx
FN:5,ModalAchatBillet
FN:9,handleShow
FN:15,(anonymous_2)
FN:17,(anonymous_3)
FN:21,(anonymous_4)
FN:27,(anonymous_5)
FN:37,(anonymous_6)
FNF:7
FNH:2
FNDA:1,ModalAchatBillet
FNDA:0,handleShow
FNDA:1,(anonymous_2)
FNDA:0,(anonymous_3)
FNDA:0,(anonymous_4)
FNDA:0,(anonymous_5)
FNDA:0,(anonymous_6)
DA:6,1
DA:7,1
DA:10,0
DA:11,0
DA:12,0
DA:15,1
DA:16,1
DA:17,0
DA:18,0
DA:21,0
DA:25,1
DA:27,0
DA:37,0
LF:13
LH:5
BRDA:16,0,0,0
BRDA:16,0,1,1
BRF:2
BRH:1
end_of_record
TN:
SF:src/composants/boite_dialogue_qrCode.jsx
FN:5,BoiteDialogue
FN:10,handleShow
FN:17,(anonymous_2)
FN:18,(anonymous_3)
FNF:4
FNH:3
FNDA:2,BoiteDialogue
FNDA:1,handleShow
FNDA:1,(anonymous_2)
FNDA:0,(anonymous_3)
DA:6,2
DA:7,2
DA:8,2
DA:11,1
DA:12,1
DA:15,2
DA:17,1
DA:18,0
LF:8
LH:7
BRF:0
BRH:0
end_of_record
TN:
SF:src/composants/bouton.jsx
FN:3,Boutton
FNF:1
FNH:1
FNDA:31,Boutton
DA:4,31
LF:1
LH:1
BRF:0
BRH:0
end_of_record
TN:
SF:src/composants/card.jsx
FN:10,Carte
FN:59,Card1
FN:72,Card2
FN:87,CardOffre
FN:105,CardEbillet
FN:117,CardCompte
FN:144,Cardoffre1
FN:160,(anonymous_7)
FN:164,click
FNF:9
FNH:5
FNDA:1,Carte
FNDA:5,Card1
FNDA:1,Card2
FNDA:1,CardOffre
FNDA:0,CardEbillet
FNDA:0,CardCompte
FNDA:1,Cardoffre1
FNDA:0,(anonymous_7)
FNDA:0,click
DA:11,1
DA:60,5
DA:73,1
DA:88,1
DA:106,0
DA:118,0
DA:149,1
DA:160,1
DA:161,0
DA:162,0
DA:165,0
DA:166,0
DA:172,1
LF:13
LH:7
BRF:0
BRH:0
end_of_record
TN:
SF:src/composants/float.jsx
FN:5,Float
FNF:1
FNH:1
FNDA:1,Float
DA:6,1
LF:1
LH:1
BRF:0
BRH:0
end_of_record
TN:
SF:src/composants/offerCard.jsx
FN:3,OfferCard
FNF:1
FNH:1
FNDA:1,OfferCard
DA:4,1
LF:1
LH:1
BRF:0
BRH:0
end_of_record
TN:
SF:src/composants/offregrid.jsx
FN:4,(anonymous_0)
FN:18,(anonymous_1)
FN:33,(anonymous_2)
FN:50,(anonymous_3)
FN:72,(anonymous_4)
FN:81,(anonymous_5)
FNF:6
FNH:4
FNDA:2,(anonymous_0)
FNDA:1,(anonymous_1)
FNDA:1,(anonymous_2)
FNDA:1,(anonymous_3)
FNDA:0,(anonymous_4)
FNDA:0,(anonymous_5)
DA:4,1
DA:5,2
DA:6,2
DA:7,2
DA:9,2
DA:18,2
DA:19,1
DA:20,1
DA:21,1
DA:22,1
DA:24,0
DA:25,0
DA:26,0
DA:28,1
DA:29,1
DA:33,2
DA:34,1
DA:35,1
DA:36,1
DA:37,1
DA:39,0
DA:40,0
DA:41,0
DA:43,1
DA:44,1
DA:50,2
DA:51,1
DA:52,1
DA:55,2
DA:56,1
DA:59,1
DA:60,0
DA:63,1
DA:64,0
DA:67,1
DA:73,0
DA:82,0
LF:37
LH:27
BRDA:21,0,0,1
BRDA:21,0,1,0
BRDA:36,1,0,1
BRDA:36,1,1,0
BRDA:55,2,0,1
BRDA:55,2,1,1
BRDA:59,3,0,0
BRDA:59,3,1,1
BRDA:63,4,0,0
BRDA:63,4,1,1
BRF:10
BRH:6
end_of_record
TN:
SF:src/composants/table.jsx
FN:3,Table
FNF:1
FNH:1
FNDA:1,Table
DA:5,1
LF:1
LH:1
BRF:0
BRH:0
end_of_record
TN:
SF:src/composants/textbtn.jsx
FN:5,Textebtn
FN:16,GridSport
FNF:2
FNH:2
FNDA:1,Textebtn
FNDA:1,GridSport
DA:6,1
DA:17,1
LF:2
LH:2
BRF:0
BRH:0
end_of_record
TN:
SF:src/composants/securite_cookies_token_auth_localstorage/auth.jsx
FN:7,(anonymous_0)
FN:11,(anonymous_1)
FN:16,(anonymous_2)
FN:28,(anonymous_3)
FNF:4
FNH:4
FNDA:5,(anonymous_0)
FNDA:2,(anonymous_1)
FNDA:1,(anonymous_2)
FNDA:12,(anonymous_3)
DA:5,3
DA:7,3
DA:8,5
DA:9,5
DA:11,5
DA:12,2
DA:13,2
DA:16,5
DA:17,1
DA:18,1
DA:21,5
DA:28,3
DA:29,12
LF:13
LH:13
BRF:0
BRH:0
end_of_record
TN:
SF:src/composants/securite_cookies_token_auth_localstorage/cookies.js
FN:6,getCookie
FN:9,(anonymous_1)
FN:23,setCookie
FNF:3
FNH:3
FNDA:2,getCookie
FNDA:2,(anonymous_1)
FNDA:1,setCookie
DA:7,2
DA:8,2
DA:9,2
DA:11,2
DA:12,0
DA:14,2
DA:24,1
DA:25,1
DA:26,1
LF:9
LH:8
BRDA:11,0,0,0
BRDA:11,0,1,2
BRF:2
BRH:1
end_of_record
TN:
SF:src/composants/securite_cookies_token_auth_localstorage/gestionpanier.jsx
FN:3,saveuser
FN:6,getuser
FN:14,saveTickets
FN:18,getTickets
FN:26,addTickets
FN:28,(anonymous_5)
FN:42,remove
FN:45,(anonymous_7)
FN:51,changeQuantity
FN:54,(anonymous_9)
FN:69,getNumberTickerts
FN:79,getTotalPrice
FNF:12
FNH:6
FNDA:1,saveuser
FNDA:2,getuser
FNDA:4,saveTickets
FNDA:7,getTickets
FNDA:3,addTickets
FNDA:1,(anonymous_5)
FNDA:0,remove
FNDA:0,(anonymous_7)
FNDA:0,changeQuantity
FNDA:0,(anonymous_9)
FNDA:0,getNumberTickerts
FNDA:0,getTotalPrice
DA:4,1
DA:7,2
DA:8,2
DA:9,1
DA:11,1
DA:15,4
DA:19,7
DA:20,7
DA:21,3
DA:23,4
DA:27,3
DA:28,3
DA:30,3
DA:31,1
DA:33,2
DA:34,2
DA:37,3
DA:44,0
DA:45,0
DA:46,0
DA:53,0
DA:54,0
DA:56,0
DA:57,0
DA:58,0
DA:59,0
DA:62,0
DA:70,0
DA:71,0
DA:73,0
DA:74,0
DA:76,0
DA:81,0
DA:82,0
DA:84,0
DA:85,0
DA:87,0
LF:37
LH:17
BRDA:8,0,0,1
BRDA:8,0,1,1
BRDA:20,1,0,3
BRDA:20,1,1,4
BRDA:30,2,0,1
BRDA:30,2,1,2
BRDA:56,3,0,0
BRDA:56,3,1,0
BRDA:58,4,0,0
BRDA:58,4,1,0
BRF:10
BRH:6
end_of_record
TN:
SF:src/composants/securite_cookies_token_auth_localstorage/requireAuth.jsx
FN:5,(anonymous_0)
FN:18,(anonymous_1)
FNF:2
FNH:0
FNDA:0,(anonymous_0)
FNDA:0,(anonymous_1)
DA:5,1
DA:6,0
DA:7,0
DA:8,0
DA:9,0
DA:10,0
DA:11,0
DA:18,1
DA:19,0
DA:20,0
DA:22,0
DA:23,0
DA:26,0
LF:13
LH:2
BRDA:8,0,0,0
BRDA:8,0,1,0
BRDA:22,1,0,0
BRDA:22,1,1,0
BRF:4
BRH:0
end_of_record
TN:
SF:src/composants/securite_cookies_token_auth_localstorage/servicetoken.jsx
FN:9,(anonymous_0)
FN:17,(anonymous_1)
FN:21,(anonymous_2)
FN:28,(anonymous_3)
FN:36,(anonymous_4)
FN:45,(anonymous_5)
FN:53,(anonymous_6)
FNF:7
FNH:0
FNDA:0,(anonymous_0)
FNDA:0,(anonymous_1)
FNDA:0,(anonymous_2)
FNDA:0,(anonymous_3)
FNDA:0,(anonymous_4)
FNDA:0,(anonymous_5)
FNDA:0,(anonymous_6)
DA:9,1
DA:10,0
DA:17,1
DA:18,0
DA:21,1
DA:22,0
DA:28,1
DA:29,0
DA:36,1
DA:37,0
DA:38,0
DA:45,1
DA:46,0
DA:53,1
DA:54,0
DA:58,1
LF:16
LH:8
BRF:0
BRH:0
end_of_record
TN:
SF:src/composants/securite_cookies_token_auth_localstorage/validationForm.jsx
FNF:0
FNH:0
DA:5,1
DA:11,1
DA:16,1
DA:22,1
DA:30,1
DA:36,1
DA:42,1
DA:48,1
LF:8
LH:8
BRF:0
BRH:0
end_of_record
TN:
SF:src/composants/template/footer.jsx
FN:4,Footer
FNF:1
FNH:1
FNDA:10,Footer
DA:5,10
LF:1
LH:1
BRF:0
BRH:0
end_of_record
TN:
SF:src/composants/template/headerNavbar.jsx
FN:13,Nav
FN:16,(anonymous_1)
FN:106,Nav1
FN:154,Header
FN:172,Header1
FNF:5
FNH:3
FNDA:1,Nav
FNDA:0,(anonymous_1)
FNDA:0,Nav1
FNDA:1,Header
FNDA:1,Header1
DA:14,1
DA:15,1
DA:16,1
DA:17,0
DA:18,0
DA:19,0
DA:20,0
DA:28,1
DA:108,0
DA:156,1
DA:174,1
LF:11
LH:6
BRDA:80,0,0,1
BRDA:80,0,1,1
BRDA:86,1,0,1
BRDA:86,1,1,0
BRF:4
BRH:3
end_of_record
TN:
SF:src/composants/template/sidebar.jsx
FN:7,Sidebar
FN:8,w3_open
FN:13,w3_close
FNF:3
FNH:1
FNDA:10,Sidebar
FNDA:0,w3_open
FNDA:0,w3_close
DA:9,0
DA:14,0
DA:16,10
LF:3
LH:1
BRF:0
BRH:0
end_of_record
